Log file open, 10/10/22 22:09:37
LogWindows: Failed to load 'aqProf.dll' (GetLastError=126)
LogWindows: File 'aqProf.dll' does not exist
LogWindows: Failed to load 'VtuneApi.dll' (GetLastError=126)
LogWindows: File 'VtuneApi.dll' does not exist
LogWindows: Failed to load 'VtuneApi32e.dll' (GetLastError=126)
LogWindows: File 'VtuneApi32e.dll' does not exist
LogConsoleResponse: Display: Failed to find resolution value strings in scalability ini. Falling back to default.
LogConsoleResponse: Display: Failed to find resolution value strings in scalability ini. Falling back to default.
LogInit: Display: Running engine for game: UnrealLearningKit
LogPlatformFile: Not using cached read wrapper
LogTaskGraph: Started task graph with 5 named threads and 47 total threads with 3 sets of task threads.
LogStats: Stats thread started at 0.195459
LogICUInternationalization: ICU TimeZone Detection - Raw Offset: -6:00, Platform Override: ''
LogInit: Display: Loading text-based GConfig....
LogPluginManager: Mounting plugin MeshPainting
LogPluginManager: Mounting plugin XGEController
LogPluginManager: Mounting plugin Paper2D
LogPluginManager: Mounting plugin LiveLink
LogPluginManager: Mounting plugin EnvironmentQueryEditor
LogPluginManager: Mounting plugin LightPropagationVolume
LogPluginManager: Mounting plugin CameraShakePreviewer
LogPluginManager: Mounting plugin CLionSourceCodeAccess
LogPluginManager: Mounting plugin AISupport
LogPluginManager: Mounting plugin CodeLiteSourceCodeAccess
LogPluginManager: Mounting plugin NullSourceCodeAccess
LogPluginManager: Mounting plugin PerforceSourceControl
LogPluginManager: Mounting plugin KDevelopSourceCodeAccess
LogPluginManager: Mounting plugin AnimationSharing
LogPluginManager: Mounting plugin GitSourceControl
LogPluginManager: Mounting plugin PixWinPlugin
LogPluginManager: Mounting plugin PlasticSourceControl
LogPluginManager: Mounting plugin PluginUtils
LogPluginManager: Mounting plugin PropertyAccessNode
LogPluginManager: Mounting plugin TextureFormatOodle
LogPluginManager: Mounting plugin RiderSourceCodeAccess
LogPluginManager: Mounting plugin UObjectPlugin
LogPluginManager: Mounting plugin SubversionSourceControl
LogPluginManager: Mounting plugin VisualStudioCodeSourceCodeAccess
LogPluginManager: Mounting plugin OodleNetwork
LogPluginManager: Mounting plugin XCodeSourceCodeAccess
LogPluginManager: Mounting plugin GameplayCameras
LogPluginManager: Mounting plugin VisualStudioSourceCodeAccess
LogPluginManager: Mounting plugin OodleData
LogPluginManager: Mounting plugin CryptoKeys
LogPluginManager: Mounting plugin AssetManagerEditor
LogPluginManager: Mounting plugin CurveEditorTools
LogPluginManager: Mounting plugin DataValidation
LogPluginManager: Mounting plugin GeometryMode
LogPluginManager: Mounting plugin GameplayTagsEditor
LogPluginManager: Mounting plugin FacialAnimation
LogPluginManager: Mounting plugin MaterialAnalyzer
LogPluginManager: Mounting plugin MacGraphicsSwitching
LogPluginManager: Mounting plugin MobileLauncherProfileWizard
LogPluginManager: Mounting plugin PluginBrowser
LogPluginManager: Mounting plugin Niagara
LogPluginManager: Mounting plugin SpeedTreeImporter
LogPluginManager: Mounting plugin AlembicImporter
LogPluginManager: Mounting plugin BackChannel
LogPluginManager: Mounting plugin AutomationUtils
LogPluginManager: Mounting plugin ChaosNiagara
LogPluginManager: Mounting plugin ChaosClothEditor
LogPluginManager: Mounting plugin ChaosCloth
LogPluginManager: Mounting plugin ChaosSolverPlugin
LogPluginManager: Mounting plugin ChaosEditor
LogPluginManager: Mounting plugin CharacterAI
LogPluginManager: Mounting plugin LuminPlatformFeatures
LogPluginManager: Mounting plugin MagicLeap
LogPluginManager: Mounting plugin MagicLeapMedia
LogPluginManager: Mounting plugin MagicLeapLightEstimation
LogPluginManager: Mounting plugin MagicLeapPassableWorld
LogPluginManager: Mounting plugin MLSDK
LogPluginManager: Mounting plugin DatasmithContent
LogPluginManager: Mounting plugin VariantManagerContent
LogPluginManager: Mounting plugin GeometryCache
LogPluginManager: Mounting plugin GeometryCollectionPlugin
LogPluginManager: Mounting plugin GeometryProcessing
LogPluginManager: Mounting plugin MotoSynth
LogPluginManager: Mounting plugin PlanarCut
LogPluginManager: Mounting plugin OpenImageDenoise
LogPluginManager: Mounting plugin ProxyLODPlugin
LogPluginManager: Mounting plugin PythonScriptPlugin
LogPluginManager: Mounting plugin PlatformCrypto
LogPluginManager: Mounting plugin AndroidMedia
LogPluginManager: Mounting plugin AvfMedia
LogPluginManager: Mounting plugin MediaCompositing
LogPluginManager: Mounting plugin MediaPlayerEditor
LogPluginManager: Mounting plugin ImgMedia
LogPluginManager: Mounting plugin WebMMedia
LogPluginManager: Mounting plugin SkeletalReduction
LogPluginManager: Mounting plugin WmfMedia
LogPluginManager: Mounting plugin UdpMessaging
LogPluginManager: Mounting plugin TcpMessaging
LogPluginManager: Mounting plugin OnlineSubsystem
LogPluginManager: Mounting plugin OnlineSubsystemNull
LogPluginManager: Mounting plugin OnlineSubsystemUtils
LogPluginManager: Mounting plugin LevelSequenceEditor
LogPluginManager: Mounting plugin MatineeToLevelSequence
LogPluginManager: Mounting plugin ActorSequence
LogPluginManager: Mounting plugin TemplateSequence
LogPluginManager: Mounting plugin LauncherChunkInstaller
LogPluginManager: Mounting plugin ActorLayerUtilities
LogPluginManager: Mounting plugin AndroidDeviceProfileSelector
LogPluginManager: Mounting plugin AndroidPermission
LogPluginManager: Mounting plugin AppleMoviePlayer
LogPluginManager: Mounting plugin AndroidMoviePlayer
LogPluginManager: Mounting plugin AppleImageUtils
LogPluginManager: Mounting plugin ArchVisCharacter
LogPluginManager: Mounting plugin AssetTags
LogPluginManager: Mounting plugin AudioSynesthesia
LogPluginManager: Mounting plugin AudioCapture
LogPluginManager: Mounting plugin CustomMeshComponent
LogPluginManager: Mounting plugin ChunkDownloader
LogPluginManager: Mounting plugin EditableMesh
LogPluginManager: Mounting plugin ExampleDeviceProfileSelector
LogPluginManager: Mounting plugin CableComponent
LogPluginManager: Mounting plugin GooglePAD
LogPluginManager: Mounting plugin ScreenshotTools
LogPluginManager: Mounting plugin GoogleCloudMessaging
LogPluginManager: Mounting plugin IOSDeviceProfileSelector
LogPluginManager: Mounting plugin LinuxDeviceProfileSelector
LogPluginManager: Mounting plugin LocationServicesBPLibrary
LogPluginManager: Mounting plugin MobilePatchingUtils
LogPluginManager: Mounting plugin OpenXR
LogPluginManager: Mounting plugin OpenXREyeTracker
LogPluginManager: Mounting plugin OpenXRHandTracking
LogPluginManager: Mounting plugin Takes
LogPluginManager: Mounting plugin PhysXVehicles
LogPluginManager: Mounting plugin PostSplashScreen
LogPluginManager: Mounting plugin PropertyAccessEditor
LogPluginManager: Mounting plugin RuntimePhysXCooking
LogPluginManager: Mounting plugin ProceduralMeshComponent
LogPluginManager: Mounting plugin SoundFields
LogPluginManager: Mounting plugin SignificanceManager
LogPluginManager: Mounting plugin Synthesis
LogPluginManager: Mounting plugin WebMMoviePlayer
LogPluginManager: Mounting plugin WindowsMoviePlayer
LogPluginManager: Mounting plugin ContentBrowserFileDataSource
LogPluginManager: Mounting plugin ContentBrowserAssetDataSource
LogPluginManager: Mounting plugin ContentBrowserClassDataSource
LogPluginManager: Mounting plugin OnlineSubsystemIOS
LogPluginManager: Mounting plugin OnlineSubsystemGooglePlay
LogPluginManager: Mounting plugin OculusVR
LogPluginManager: Mounting plugin SteamVR
PixWinPlugin: PIX capture plugin failed to initialize! Check that the process is launched from PIX.
LogInit: Using libcurl 7.55.1-DEV
LogInit:  - built for x86_64-pc-win32
LogInit:  - supports SSL with OpenSSL/1.1.1
LogInit:  - supports HTTP deflate (compression) using libz 1.2.8
LogInit:  - other features:
LogInit:      CURL_VERSION_SSL
LogInit:      CURL_VERSION_LIBZ
LogInit:      CURL_VERSION_IPV6
LogInit:      CURL_VERSION_ASYNCHDNS
LogInit:      CURL_VERSION_LARGEFILE
LogInit:      CURL_VERSION_IDN
LogInit:  CurlRequestOptions (configurable via config and command line):
LogInit:  - bVerifyPeer = true  - Libcurl will verify peer certificate
LogInit:  - bUseHttpProxy = false  - Libcurl will NOT use HTTP proxy
LogInit:  - bDontReuseConnections = false  - Libcurl will reuse connections
LogInit:  - MaxHostConnections = 16  - Libcurl will limit the number of connections to a host
LogInit:  - LocalHostAddr = Default
LogInit:  - BufferSize = 65536
LogOnline: OSS: Creating online subsystem instance for: NULL
LogInit: WinSock: version 1.1 (2.2), MaxSocks=32767, MaxUdp=65467
LogOnline: OSS: TryLoadSubsystemAndSetDefault: Loaded subsystem for module [NULL]
LogOculusPluginWrapper: OculusPlugin initialized successfully
LogHMD: Failed initializing OVRPlugin 1.59.0
LogInit: Build: ++UE4+Release-4.27-CL-18319896
LogInit: Engine Version: 4.27.2-18319896+++UE4+Release-4.27
LogInit: Compatible Engine Version: 4.27.0-17155196+++UE4+Release-4.27
LogInit: Net CL: 17155196
LogInit: OS: Windows 10 (Release 2009) (), CPU: AMD Ryzen 9 6900HS with Radeon Graphics        , GPU: AMD Radeon(TM) Graphics
LogInit: Compiled (64-bit): Nov 30 2021 07:12:08
LogInit: Compiled with Visual C++: 19.24.28315.00
LogInit: Build Configuration: Development
LogInit: Branch Name: ++UE4+Release-4.27
LogInit: Command Line: 
LogInit: Base Directory: C:/Program Files/Epic Games/UE_4.27/Engine/Binaries/Win64/
LogInit: Allocator: TBB
LogInit: Installed Engine Build: 1
LogDevObjectVersion: Number of dev versions registered: 29
LogDevObjectVersion:   Dev-Blueprints (B0D832E4-1F89-4F0D-ACCF-7EB736FD4AA2): 10
LogDevObjectVersion:   Dev-Build (E1C64328-A22C-4D53-A36C-8E866417BD8C): 0
LogDevObjectVersion:   Dev-Core (375EC13C-06E4-48FB-B500-84F0262A717E): 4
LogDevObjectVersion:   Dev-Editor (E4B068ED-F494-42E9-A231-DA0B2E46BB41): 40
LogDevObjectVersion:   Dev-Framework (CFFC743F-43B0-4480-9391-14DF171D2073): 37
LogDevObjectVersion:   Dev-Mobile (B02B49B5-BB20-44E9-A304-32B752E40360): 3
LogDevObjectVersion:   Dev-Networking (A4E4105C-59A1-49B5-A7C5-40C4547EDFEE): 0
LogDevObjectVersion:   Dev-Online (39C831C9-5AE6-47DC-9A44-9C173E1C8E7C): 0
LogDevObjectVersion:   Dev-Physics (78F01B33-EBEA-4F98-B9B4-84EACCB95AA2): 14
LogDevObjectVersion:   Dev-Platform (6631380F-2D4D-43E0-8009-CF276956A95A): 0
LogDevObjectVersion:   Dev-Rendering (12F88B9F-8875-4AFC-A67C-D90C383ABD29): 45
LogDevObjectVersion:   Dev-Sequencer (7B5AE74C-D270-4C10-A958-57980B212A5A): 13
LogDevObjectVersion:   Dev-VR (D7296918-1DD6-4BDD-9DE2-64A83CC13884): 3
LogDevObjectVersion:   Dev-LoadTimes (C2A15278-BFE7-4AFE-6C17-90FF531DF755): 1
LogDevObjectVersion:   Private-Geometry (6EACA3D4-40EC-4CC1-B786-8BED09428FC5): 3
LogDevObjectVersion:   Dev-AnimPhys (29E575DD-E0A3-4627-9D10-D276232CDCEA): 17
LogDevObjectVersion:   Dev-Anim (AF43A65D-7FD3-4947-9873-3E8ED9C1BB05): 15
LogDevObjectVersion:   Dev-ReflectionCapture (6B266CEC-1EC7-4B8F-A30B-E4D90942FC07): 1
LogDevObjectVersion:   Dev-Automation (0DF73D61-A23F-47EA-B727-89E90C41499A): 1
LogDevObjectVersion:   FortniteMain (601D1886-AC64-4F84-AA16-D3DE0DEAC7D6): 47
LogDevObjectVersion:   FortniteRelease (E7086368-6B23-4C58-8439-1B7016265E91): 1
LogDevObjectVersion:   Dev-Enterprise (9DFFBCD6-494F-0158-E221-12823C92A888): 10
LogDevObjectVersion:   Dev-Niagara (F2AED0AC-9AFE-416F-8664-AA7FFA26D6FC): 1
LogDevObjectVersion:   Dev-Destruction (174F1F0B-B4C6-45A5-B13F-2EE8D0FB917D): 10
LogDevObjectVersion:   Dev-Physics-Ext (35F94A83-E258-406C-A318-09F59610247C): 41
LogDevObjectVersion:   Dev-PhysicsMaterial-Chaos (B68FC16E-8B1B-42E2-B453-215C058844FE): 1
LogDevObjectVersion:   Dev-CineCamera (B2E18506-4273-CFC2-A54E-F4BB758BBA07): 1
LogDevObjectVersion:   Dev-VirtualProduction (64F58936-FD1B-42BA-BA96-7289D5D0FA4E): 1
LogDevObjectVersion:   Dev-MediaFramework (6F0ED827-A609-4895-9C91-998D90180EA4): 2
LogInit: Presizing for max 25165824 objects, including 0 objects not considered by GC, pre-allocating 0 bytes for permanent pool.
LogConfig: Applying CVar settings from Section [/Script/Engine.StreamingSettings] File [C:/Users/murat/OneDrive/Belgeler/Unreal Projects/UnrealLearningKit/Saved/Config/Windows/Engine.ini]
LogConfig: Setting CVar [[s.MinBulkDataSizeForAsyncLoading:131072]]
LogConfig: Setting CVar [[s.AsyncLoadingThreadEnabled:0]]
LogConfig: Setting CVar [[s.EventDrivenLoaderEnabled:1]]
LogConfig: Setting CVar [[s.WarnIfTimeLimitExceeded:0]]
LogConfig: Setting CVar [[s.TimeLimitExceededMultiplier:1.5]]
LogConfig: Setting CVar [[s.TimeLimitExceededMinTime:0.005]]
LogConfig: Setting CVar [[s.UseBackgroundLevelStreaming:1]]
LogConfig: Setting CVar [[s.PriorityAsyncLoadingExtraTime:15.0]]
LogConfig: Setting CVar [[s.LevelStreamingActorsUpdateTimeLimit:5.0]]
LogConfig: Setting CVar [[s.PriorityLevelStreamingActorsUpdateExtraTime:5.0]]
LogConfig: Setting CVar [[s.LevelStreamingComponentsRegistrationGranularity:10]]
LogConfig: Setting CVar [[s.UnregisterComponentsTimeLimit:1.0]]
LogConfig: Setting CVar [[s.LevelStreamingComponentsUnregistrationGranularity:5]]
LogConfig: Setting CVar [[s.FlushStreamingOnExit:1]]
LogInit: Object subsystem initialized
LogConfig: Setting CVar [[con.DebugEarlyDefault:1]]
LogConfig: Setting CVar [[r.setres:1280x720]]
[2022.10.11-03.09.37:961][  0]LogConfig: Setting CVar [[r.VSync:0]]
[2022.10.11-03.09.37:961][  0]LogConfig: Setting CVar [[r.RHICmdBypass:0]]
[2022.10.11-03.09.37:961][  0]LogConfig: Applying CVar settings from Section [/Script/Engine.RendererSettings] File [C:/Users/murat/OneDrive/Belgeler/Unreal Projects/UnrealLearningKit/Saved/Config/Windows/Engine.ini]
[2022.10.11-03.09.37:961][  0]LogConfig: Setting CVar [[r.GPUCrashDebugging:0]]
[2022.10.11-03.09.37:961][  0]LogConfig: Setting CVar [[r.MobileMSAA:4]]
[2022.10.11-03.09.37:961][  0]LogConfig: Setting CVar [[r.Mobile.AmbientOcclusion:1]]
[2022.10.11-03.09.37:961][  0]LogConfig: Setting CVar [[r.GenerateMeshDistanceFields:1]]
[2022.10.11-03.09.37:961][  0]LogConfig: Setting CVar [[r.SSGI.Enable:1]]
[2022.10.11-03.09.37:961][  0]LogConfig: Setting CVar [[r.SupportAtmosphericFog:0]]
[2022.10.11-03.09.37:961][  0]LogConfig: Setting CVar [[r.SupportSkyAtmosphereAffectsHeightFog:1]]
[2022.10.11-03.09.37:961][  0]LogConfig: Setting CVar [[r.Mobile.DisableVertexFog:0]]
[2022.10.11-03.09.37:961][  0]LogConfig: Setting CVar [[r.SupportStationarySkylight:0]]
[2022.10.11-03.09.37:961][  0]LogConfig: Setting CVar [[r.SupportLowQualityLightmaps:0]]
[2022.10.11-03.09.37:961][  0]LogConfig: Applying CVar settings from Section [/Script/Engine.RendererOverrideSettings] File [C:/Users/murat/OneDrive/Belgeler/Unreal Projects/UnrealLearningKit/Saved/Config/Windows/Engine.ini]
[2022.10.11-03.09.37:961][  0]LogConfig: Applying CVar settings from Section [/Script/Engine.StreamingSettings] File [C:/Users/murat/OneDrive/Belgeler/Unreal Projects/UnrealLearningKit/Saved/Config/Windows/Engine.ini]
[2022.10.11-03.09.37:961][  0]LogConfig: Setting CVar [[s.MinBulkDataSizeForAsyncLoading:131072]]
[2022.10.11-03.09.37:961][  0]LogConfig: Setting CVar [[s.AsyncLoadingThreadEnabled:0]]
[2022.10.11-03.09.37:961][  0]LogConfig: Setting CVar [[s.EventDrivenLoaderEnabled:1]]
[2022.10.11-03.09.37:961][  0]LogConfig: Setting CVar [[s.WarnIfTimeLimitExceeded:0]]
[2022.10.11-03.09.37:961][  0]LogConfig: Setting CVar [[s.TimeLimitExceededMultiplier:1.5]]
[2022.10.11-03.09.37:961][  0]LogConfig: Setting CVar [[s.TimeLimitExceededMinTime:0.005]]
[2022.10.11-03.09.37:961][  0]LogConfig: Setting CVar [[s.UseBackgroundLevelStreaming:1]]
[2022.10.11-03.09.37:961][  0]LogConfig: Setting CVar [[s.PriorityAsyncLoadingExtraTime:15.0]]
[2022.10.11-03.09.37:961][  0]LogConfig: Setting CVar [[s.LevelStreamingActorsUpdateTimeLimit:5.0]]
[2022.10.11-03.09.37:961][  0]LogConfig: Setting CVar [[s.PriorityLevelStreamingActorsUpdateExtraTime:5.0]]
[2022.10.11-03.09.37:961][  0]LogConfig: Setting CVar [[s.LevelStreamingComponentsRegistrationGranularity:10]]
[2022.10.11-03.09.37:961][  0]LogConfig: Setting CVar [[s.UnregisterComponentsTimeLimit:1.0]]
[2022.10.11-03.09.37:961][  0]LogConfig: Setting CVar [[s.LevelStreamingComponentsUnregistrationGranularity:5]]
[2022.10.11-03.09.37:961][  0]LogConfig: Setting CVar [[s.FlushStreamingOnExit:1]]
[2022.10.11-03.09.37:961][  0]LogConfig: Applying CVar settings from Section [/Script/Engine.GarbageCollectionSettings] File [C:/Users/murat/OneDrive/Belgeler/Unreal Projects/UnrealLearningKit/Saved/Config/Windows/Engine.ini]
[2022.10.11-03.09.37:961][  0]LogConfig: Setting CVar [[gc.MaxObjectsNotConsideredByGC:1]]
[2022.10.11-03.09.37:961][  0]LogConfig: Setting CVar [[gc.SizeOfPermanentObjectPool:0]]
[2022.10.11-03.09.37:961][  0]LogConfig: Setting CVar [[gc.FlushStreamingOnGC:0]]
[2022.10.11-03.09.37:961][  0]LogConfig: Setting CVar [[gc.NumRetriesBeforeForcingGC:10]]
[2022.10.11-03.09.37:961][  0]LogConfig: Setting CVar [[gc.AllowParallelGC:1]]
[2022.10.11-03.09.37:961][  0]LogConfig: Setting CVar [[gc.TimeBetweenPurgingPendingKillObjects:61.1]]
[2022.10.11-03.09.37:961][  0]LogConfig: Setting CVar [[gc.MaxObjectsInEditor:25165824]]
[2022.10.11-03.09.37:961][  0]LogConfig: Setting CVar [[gc.IncrementalBeginDestroyEnabled:1]]
[2022.10.11-03.09.37:961][  0]LogConfig: Setting CVar [[gc.CreateGCClusters:1]]
[2022.10.11-03.09.37:961][  0]LogConfig: Setting CVar [[gc.MinGCClusterSize:5]]
[2022.10.11-03.09.37:961][  0]LogConfig: Setting CVar [[gc.ActorClusteringEnabled:0]]
[2022.10.11-03.09.37:961][  0]LogConfig: Setting CVar [[gc.BlueprintClusteringEnabled:0]]
[2022.10.11-03.09.37:961][  0]LogConfig: Setting CVar [[gc.UseDisregardForGCOnDedicatedServers:0]]
[2022.10.11-03.09.37:961][  0]LogConfig: Setting CVar [[gc.MultithreadedDestructionEnabled:1]]
[2022.10.11-03.09.37:961][  0]LogConfig: Applying CVar settings from Section [/Script/Engine.NetworkSettings] File [C:/Users/murat/OneDrive/Belgeler/Unreal Projects/UnrealLearningKit/Saved/Config/Windows/Engine.ini]
[2022.10.11-03.09.37:961][  0]LogConfig: Applying CVar settings from Section [/Script/UnrealEd.CookerSettings] File [C:/Users/murat/OneDrive/Belgeler/Unreal Projects/UnrealLearningKit/Saved/Config/Windows/Engine.ini]
[2022.10.11-03.09.37:974][  0]LogConfig: Applying CVar settings from Section [ViewDistanceQuality@3] File [C:/Users/murat/OneDrive/Belgeler/Unreal Projects/UnrealLearningKit/Saved/Config/Windows/Scalability.ini]
[2022.10.11-03.09.37:974][  0]LogConfig: Setting CVar [[r.SkeletalMeshLODBias:0]]
[2022.10.11-03.09.37:974][  0]LogConfig: Setting CVar [[r.ViewDistanceScale:1.0]]
[2022.10.11-03.09.37:974][  0]LogConfig: Applying CVar settings from Section [AntiAliasingQuality@3] File [C:/Users/murat/OneDrive/Belgeler/Unreal Projects/UnrealLearningKit/Saved/Config/Windows/Scalability.ini]
[2022.10.11-03.09.37:974][  0]LogConfig: Setting CVar [[r.PostProcessAAQuality:4]]
[2022.10.11-03.09.37:974][  0]LogConfig: Applying CVar settings from Section [ShadowQuality@3] File [C:/Users/murat/OneDrive/Belgeler/Unreal Projects/UnrealLearningKit/Saved/Config/Windows/Scalability.ini]
[2022.10.11-03.09.37:974][  0]LogConfig: Setting CVar [[r.LightFunctionQuality:1]]
[2022.10.11-03.09.37:974][  0]LogConfig: Setting CVar [[r.ShadowQuality:5]]
[2022.10.11-03.09.37:974][  0]LogConfig: Setting CVar [[r.Shadow.CSM.MaxCascades:10]]
[2022.10.11-03.09.37:974][  0]LogConfig: Setting CVar [[r.Shadow.MaxResolution:2048]]
[2022.10.11-03.09.37:974][  0]LogConfig: Setting CVar [[r.Shadow.MaxCSMResolution:2048]]
[2022.10.11-03.09.37:974][  0]LogConfig: Setting CVar [[r.Shadow.RadiusThreshold:0.01]]
[2022.10.11-03.09.37:974][  0]LogConfig: Setting CVar [[r.Shadow.DistanceScale:1.0]]
[2022.10.11-03.09.37:974][  0]LogConfig: Setting CVar [[r.Shadow.CSM.TransitionScale:1.0]]
[2022.10.11-03.09.37:974][  0]LogConfig: Setting CVar [[r.Shadow.PreShadowResolutionFactor:1.0]]
[2022.10.11-03.09.37:974][  0]LogConfig: Setting CVar [[r.DistanceFieldShadowing:1]]
[2022.10.11-03.09.37:974][  0]LogConfig: Setting CVar [[r.DistanceFieldAO:1]]
[2022.10.11-03.09.37:974][  0]LogConfig: Setting CVar [[r.AOQuality:2]]
[2022.10.11-03.09.37:974][  0]LogConfig: Setting CVar [[r.VolumetricFog:1]]
[2022.10.11-03.09.37:974][  0]LogConfig: Setting CVar [[r.VolumetricFog.GridPixelSize:8]]
[2022.10.11-03.09.37:974][  0]LogConfig: Setting CVar [[r.VolumetricFog.GridSizeZ:128]]
[2022.10.11-03.09.37:974][  0]LogConfig: Setting CVar [[r.VolumetricFog.HistoryMissSupersampleCount:4]]
[2022.10.11-03.09.37:974][  0]LogConfig: Setting CVar [[r.LightMaxDrawDistanceScale:1]]
[2022.10.11-03.09.37:974][  0]LogConfig: Setting CVar [[r.CapsuleShadows:1]]
[2022.10.11-03.09.37:974][  0]LogConfig: Applying CVar settings from Section [PostProcessQuality@3] File [C:/Users/murat/OneDrive/Belgeler/Unreal Projects/UnrealLearningKit/Saved/Config/Windows/Scalability.ini]
[2022.10.11-03.09.37:974][  0]LogConfig: Setting CVar [[r.MotionBlurQuality:4]]
[2022.10.11-03.09.37:974][  0]LogConfig: Setting CVar [[r.AmbientOcclusionMipLevelFactor:0.4]]
[2022.10.11-03.09.37:974][  0]LogConfig: Setting CVar [[r.AmbientOcclusionMaxQuality:100]]
[2022.10.11-03.09.37:974][  0]LogConfig: Setting CVar [[r.AmbientOcclusionLevels:-1]]
[2022.10.11-03.09.37:974][  0]LogConfig: Setting CVar [[r.AmbientOcclusionRadiusScale:1.0]]
[2022.10.11-03.09.37:974][  0]LogConfig: Setting CVar [[r.DepthOfFieldQuality:2]]
[2022.10.11-03.09.37:974][  0]LogConfig: Setting CVar [[r.RenderTargetPoolMin:400]]
[2022.10.11-03.09.37:974][  0]LogConfig: Setting CVar [[r.LensFlareQuality:2]]
[2022.10.11-03.09.37:974][  0]LogConfig: Setting CVar [[r.SceneColorFringeQuality:1]]
[2022.10.11-03.09.37:974][  0]LogConfig: Setting CVar [[r.EyeAdaptationQuality:2]]
[2022.10.11-03.09.37:974][  0]LogConfig: Setting CVar [[r.BloomQuality:5]]
[2022.10.11-03.09.37:974][  0]LogConfig: Setting CVar [[r.FastBlurThreshold:100]]
[2022.10.11-03.09.37:974][  0]LogConfig: Setting CVar [[r.Upscale.Quality:3]]
[2022.10.11-03.09.37:974][  0]LogConfig: Setting CVar [[r.Tonemapper.GrainQuantization:1]]
[2022.10.11-03.09.37:974][  0]LogConfig: Setting CVar [[r.LightShaftQuality:1]]
[2022.10.11-03.09.37:974][  0]LogConfig: Setting CVar [[r.Filter.SizeScale:1]]
[2022.10.11-03.09.37:974][  0]LogConfig: Setting CVar [[r.Tonemapper.Quality:5]]
[2022.10.11-03.09.37:974][  0]LogConfig: Setting CVar [[r.DOF.Gather.AccumulatorQuality:1        ; higher gathering accumulator quality]]
[2022.10.11-03.09.37:974][  0]LogConfig: Setting CVar [[r.DOF.Gather.PostfilterMethod:1          ; Median3x3 postfilering method]]
[2022.10.11-03.09.37:974][  0]LogConfig: Setting CVar [[r.DOF.Gather.EnableBokehSettings:0       ; no bokeh simulation when gathering]]
[2022.10.11-03.09.37:974][  0]LogConfig: Setting CVar [[r.DOF.Gather.RingCount:4                 ; medium number of samples when gathering]]
[2022.10.11-03.09.37:974][  0]LogConfig: Setting CVar [[r.DOF.Scatter.ForegroundCompositing:1    ; additive foreground scattering]]
[2022.10.11-03.09.37:974][  0]LogConfig: Setting CVar [[r.DOF.Scatter.BackgroundCompositing:2    ; additive background scattering]]
[2022.10.11-03.09.37:974][  0]LogConfig: Setting CVar [[r.DOF.Scatter.EnableBokehSettings:1      ; bokeh simulation when scattering]]
[2022.10.11-03.09.37:974][  0]LogConfig: Setting CVar [[r.DOF.Scatter.MaxSpriteRatio:0.1         ; only a maximum of 10% of scattered bokeh]]
[2022.10.11-03.09.37:974][  0]LogConfig: Setting CVar [[r.DOF.Recombine.Quality:1                ; cheap slight out of focus]]
[2022.10.11-03.09.37:974][  0]LogConfig: Setting CVar [[r.DOF.Recombine.EnableBokehSettings:0    ; no bokeh simulation on slight out of focus]]
[2022.10.11-03.09.37:974][  0]LogConfig: Setting CVar [[r.DOF.TemporalAAQuality:1                ; more stable temporal accumulation]]
[2022.10.11-03.09.37:974][  0]LogConfig: Setting CVar [[r.DOF.Kernel.MaxForegroundRadius:0.025]]
[2022.10.11-03.09.37:974][  0]LogConfig: Setting CVar [[r.DOF.Kernel.MaxBackgroundRadius:0.025]]
[2022.10.11-03.09.37:974][  0]LogConfig: Applying CVar settings from Section [TextureQuality@3] File [C:/Users/murat/OneDrive/Belgeler/Unreal Projects/UnrealLearningKit/Saved/Config/Windows/Scalability.ini]
[2022.10.11-03.09.37:974][  0]LogConfig: Setting CVar [[r.Streaming.MipBias:0]]
[2022.10.11-03.09.37:974][  0]LogConfig: Setting CVar [[r.Streaming.AmortizeCPUToGPUCopy:0]]
[2022.10.11-03.09.37:974][  0]LogConfig: Setting CVar [[r.Streaming.MaxNumTexturesToStreamPerFrame:0]]
[2022.10.11-03.09.37:974][  0]LogConfig: Setting CVar [[r.Streaming.Boost:1]]
[2022.10.11-03.09.37:974][  0]LogConfig: Setting CVar [[r.MaxAnisotropy:8]]
[2022.10.11-03.09.37:974][  0]LogConfig: Setting CVar [[r.VT.MaxAnisotropy:8]]
[2022.10.11-03.09.37:974][  0]LogConfig: Setting CVar [[r.Streaming.LimitPoolSizeToVRAM:0]]
[2022.10.11-03.09.37:974][  0]LogConfig: Setting CVar [[r.Streaming.PoolSize:1000]]
[2022.10.11-03.09.37:974][  0]LogConfig: Setting CVar [[r.Streaming.MaxEffectiveScreenSize:0]]
[2022.10.11-03.09.37:974][  0]LogConfig: Applying CVar settings from Section [EffectsQuality@3] File [C:/Users/murat/OneDrive/Belgeler/Unreal Projects/UnrealLearningKit/Saved/Config/Windows/Scalability.ini]
[2022.10.11-03.09.37:974][  0]LogConfig: Setting CVar [[r.TranslucencyLightingVolumeDim:64]]
[2022.10.11-03.09.37:974][  0]LogConfig: Setting CVar [[r.RefractionQuality:2]]
[2022.10.11-03.09.37:974][  0]LogConfig: Setting CVar [[r.SSR.Quality:3]]
[2022.10.11-03.09.37:974][  0]LogConfig: Setting CVar [[r.SSR.HalfResSceneColor:0]]
[2022.10.11-03.09.37:974][  0]LogConfig: Setting CVar [[r.SceneColorFormat:4]]
[2022.10.11-03.09.37:974][  0]LogConfig: Setting CVar [[r.DetailMode:2]]
[2022.10.11-03.09.37:974][  0]LogConfig: Setting CVar [[r.TranslucencyVolumeBlur:1]]
[2022.10.11-03.09.37:974][  0]LogConfig: Setting CVar [[r.MaterialQualityLevel:1 ; High quality]]
[2022.10.11-03.09.37:974][  0]LogConfig: Setting CVar [[r.AnisotropicMaterials:1]]
[2022.10.11-03.09.37:974][  0]LogConfig: Setting CVar [[r.SSS.Scale:1]]
[2022.10.11-03.09.37:974][  0]LogConfig: Setting CVar [[r.SSS.SampleSet:2]]
[2022.10.11-03.09.37:974][  0]LogConfig: Setting CVar [[r.SSS.Quality:1]]
[2022.10.11-03.09.37:974][  0]LogConfig: Setting CVar [[r.SSS.HalfRes:0]]
[2022.10.11-03.09.37:974][  0]LogConfig: Setting CVar [[r.SSGI.Quality:3]]
[2022.10.11-03.09.37:974][  0]LogConfig: Setting CVar [[r.EmitterSpawnRateScale:1.0]]
[2022.10.11-03.09.37:974][  0]LogConfig: Setting CVar [[r.ParticleLightQuality:2]]
[2022.10.11-03.09.37:975][  0]LogConfig: Setting CVar [[r.SkyAtmosphere.AerialPerspectiveLUT.FastApplyOnOpaque:1 ; Always have FastSkyLUT 1 in this case to avoid wrong sky]]
[2022.10.11-03.09.37:975][  0]LogConfig: Setting CVar [[r.SkyAtmosphere.AerialPerspectiveLUT.SampleCountMaxPerSlice:4]]
[2022.10.11-03.09.37:975][  0]LogConfig: Setting CVar [[r.SkyAtmosphere.AerialPerspectiveLUT.DepthResolution:16.0]]
[2022.10.11-03.09.37:975][  0]LogConfig: Setting CVar [[r.SkyAtmosphere.FastSkyLUT:1]]
[2022.10.11-03.09.37:975][  0]LogConfig: Setting CVar [[r.SkyAtmosphere.FastSkyLUT.SampleCountMin:4.0]]
[2022.10.11-03.09.37:975][  0]LogConfig: Setting CVar [[r.SkyAtmosphere.FastSkyLUT.SampleCountMax:128.0]]
[2022.10.11-03.09.37:975][  0]LogConfig: Setting CVar [[r.SkyAtmosphere.SampleCountMin:4.0]]
[2022.10.11-03.09.37:975][  0]LogConfig: Setting CVar [[r.SkyAtmosphere.SampleCountMax:128.0]]
[2022.10.11-03.09.37:975][  0]LogConfig: Setting CVar [[r.SkyAtmosphere.TransmittanceLUT.UseSmallFormat:0]]
[2022.10.11-03.09.37:975][  0]LogConfig: Setting CVar [[r.SkyAtmosphere.TransmittanceLUT.SampleCount:10.0]]
[2022.10.11-03.09.37:975][  0]LogConfig: Setting CVar [[r.SkyAtmosphere.MultiScatteringLUT.SampleCount:15.0]]
[2022.10.11-03.09.37:975][  0]LogConfig: Setting CVar [[r.SkyLight.RealTimeReflectionCapture:1]]
[2022.10.11-03.09.37:975][  0]LogConfig: Applying CVar settings from Section [FoliageQuality@3] File [C:/Users/murat/OneDrive/Belgeler/Unreal Projects/UnrealLearningKit/Saved/Config/Windows/Scalability.ini]
[2022.10.11-03.09.37:975][  0]LogConfig: Setting CVar [[foliage.DensityScale:1.0]]
[2022.10.11-03.09.37:975][  0]LogConfig: Setting CVar [[grass.DensityScale:1.0]]
[2022.10.11-03.09.37:975][  0]LogConfig: Applying CVar settings from Section [ShadingQuality@3] File [C:/Users/murat/OneDrive/Belgeler/Unreal Projects/UnrealLearningKit/Saved/Config/Windows/Scalability.ini]
[2022.10.11-03.09.37:975][  0]LogConfig: Setting CVar [[r.HairStrands.SkyLighting.IntegrationType:2]]
[2022.10.11-03.09.37:975][  0]LogConfig: Setting CVar [[r.HairStrands.SkyAO.SampleCount:4]]
[2022.10.11-03.09.37:975][  0]LogConfig: Setting CVar [[r.HairStrands.Visibility.MSAA.SamplePerPixel:4]]
[2022.10.11-03.09.37:975][  0]LogInit: Selected Device Profile: [Windows]
[2022.10.11-03.09.37:975][  0]LogInit: Applying CVar settings loaded from the selected device profile: [Windows]
[2022.10.11-03.09.37:975][  0]LogHAL: Display: Platform has ~ 16 GB [16368373760 / 17179869184 / 16], which maps to Larger [LargestMinGB=32, LargerMinGB=12, DefaultMinGB=8, SmallerMinGB=6, SmallestMinGB=0)
[2022.10.11-03.09.37:975][  0]LogInit: Going up to parent DeviceProfile []
[2022.10.11-03.09.37:975][  0]LogConfig: Applying CVar settings from Section [ViewDistanceQuality@3] File [C:/Users/murat/OneDrive/Belgeler/Unreal Projects/UnrealLearningKit/Saved/Config/Windows/Scalability.ini]
[2022.10.11-03.09.37:975][  0]LogConfig: Setting CVar [[r.SkeletalMeshLODBias:0]]
[2022.10.11-03.09.37:975][  0]LogConfig: Setting CVar [[r.ViewDistanceScale:1.0]]
[2022.10.11-03.09.37:975][  0]LogConfig: Applying CVar settings from Section [AntiAliasingQuality@3] File [C:/Users/murat/OneDrive/Belgeler/Unreal Projects/UnrealLearningKit/Saved/Config/Windows/Scalability.ini]
[2022.10.11-03.09.37:975][  0]LogConfig: Setting CVar [[r.PostProcessAAQuality:4]]
[2022.10.11-03.09.37:975][  0]LogConfig: Applying CVar settings from Section [ShadowQuality@3] File [C:/Users/murat/OneDrive/Belgeler/Unreal Projects/UnrealLearningKit/Saved/Config/Windows/Scalability.ini]
[2022.10.11-03.09.37:975][  0]LogConfig: Setting CVar [[r.LightFunctionQuality:1]]
[2022.10.11-03.09.37:975][  0]LogConfig: Setting CVar [[r.ShadowQuality:5]]
[2022.10.11-03.09.37:975][  0]LogConfig: Setting CVar [[r.Shadow.CSM.MaxCascades:10]]
[2022.10.11-03.09.37:975][  0]LogConfig: Setting CVar [[r.Shadow.MaxResolution:2048]]
[2022.10.11-03.09.37:975][  0]LogConfig: Setting CVar [[r.Shadow.MaxCSMResolution:2048]]
[2022.10.11-03.09.37:975][  0]LogConfig: Setting CVar [[r.Shadow.RadiusThreshold:0.01]]
[2022.10.11-03.09.37:975][  0]LogConfig: Setting CVar [[r.Shadow.DistanceScale:1.0]]
[2022.10.11-03.09.37:975][  0]LogConfig: Setting CVar [[r.Shadow.CSM.TransitionScale:1.0]]
[2022.10.11-03.09.37:975][  0]LogConfig: Setting CVar [[r.Shadow.PreShadowResolutionFactor:1.0]]
[2022.10.11-03.09.37:975][  0]LogConfig: Setting CVar [[r.DistanceFieldShadowing:1]]
[2022.10.11-03.09.37:975][  0]LogConfig: Setting CVar [[r.DistanceFieldAO:1]]
[2022.10.11-03.09.37:975][  0]LogConfig: Setting CVar [[r.AOQuality:2]]
[2022.10.11-03.09.37:975][  0]LogConfig: Setting CVar [[r.VolumetricFog:1]]
[2022.10.11-03.09.37:975][  0]LogConfig: Setting CVar [[r.VolumetricFog.GridPixelSize:8]]
[2022.10.11-03.09.37:975][  0]LogConfig: Setting CVar [[r.VolumetricFog.GridSizeZ:128]]
[2022.10.11-03.09.37:975][  0]LogConfig: Setting CVar [[r.VolumetricFog.HistoryMissSupersampleCount:4]]
[2022.10.11-03.09.37:975][  0]LogConfig: Setting CVar [[r.LightMaxDrawDistanceScale:1]]
[2022.10.11-03.09.37:975][  0]LogConfig: Setting CVar [[r.CapsuleShadows:1]]
[2022.10.11-03.09.37:975][  0]LogConfig: Applying CVar settings from Section [PostProcessQuality@3] File [C:/Users/murat/OneDrive/Belgeler/Unreal Projects/UnrealLearningKit/Saved/Config/Windows/Scalability.ini]
[2022.10.11-03.09.37:975][  0]LogConfig: Setting CVar [[r.MotionBlurQuality:4]]
[2022.10.11-03.09.37:975][  0]LogConfig: Setting CVar [[r.AmbientOcclusionMipLevelFactor:0.4]]
[2022.10.11-03.09.37:975][  0]LogConfig: Setting CVar [[r.AmbientOcclusionMaxQuality:100]]
[2022.10.11-03.09.37:975][  0]LogConfig: Setting CVar [[r.AmbientOcclusionLevels:-1]]
[2022.10.11-03.09.37:975][  0]LogConfig: Setting CVar [[r.AmbientOcclusionRadiusScale:1.0]]
[2022.10.11-03.09.37:975][  0]LogConfig: Setting CVar [[r.DepthOfFieldQuality:2]]
[2022.10.11-03.09.37:975][  0]LogConfig: Setting CVar [[r.RenderTargetPoolMin:400]]
[2022.10.11-03.09.37:975][  0]LogConfig: Setting CVar [[r.LensFlareQuality:2]]
[2022.10.11-03.09.37:975][  0]LogConfig: Setting CVar [[r.SceneColorFringeQuality:1]]
[2022.10.11-03.09.37:975][  0]LogConfig: Setting CVar [[r.EyeAdaptationQuality:2]]
[2022.10.11-03.09.37:975][  0]LogConfig: Setting CVar [[r.BloomQuality:5]]
[2022.10.11-03.09.37:975][  0]LogConfig: Setting CVar [[r.FastBlurThreshold:100]]
[2022.10.11-03.09.37:975][  0]LogConfig: Setting CVar [[r.Upscale.Quality:3]]
[2022.10.11-03.09.37:975][  0]LogConfig: Setting CVar [[r.Tonemapper.GrainQuantization:1]]
[2022.10.11-03.09.37:975][  0]LogConfig: Setting CVar [[r.LightShaftQuality:1]]
[2022.10.11-03.09.37:975][  0]LogConfig: Setting CVar [[r.Filter.SizeScale:1]]
[2022.10.11-03.09.37:975][  0]LogConfig: Setting CVar [[r.Tonemapper.Quality:5]]
[2022.10.11-03.09.37:975][  0]LogConfig: Setting CVar [[r.DOF.Gather.AccumulatorQuality:1        ; higher gathering accumulator quality]]
[2022.10.11-03.09.37:975][  0]LogConfig: Setting CVar [[r.DOF.Gather.PostfilterMethod:1          ; Median3x3 postfilering method]]
[2022.10.11-03.09.37:975][  0]LogConfig: Setting CVar [[r.DOF.Gather.EnableBokehSettings:0       ; no bokeh simulation when gathering]]
[2022.10.11-03.09.37:975][  0]LogConfig: Setting CVar [[r.DOF.Gather.RingCount:4                 ; medium number of samples when gathering]]
[2022.10.11-03.09.37:975][  0]LogConfig: Setting CVar [[r.DOF.Scatter.ForegroundCompositing:1    ; additive foreground scattering]]
[2022.10.11-03.09.37:975][  0]LogConfig: Setting CVar [[r.DOF.Scatter.BackgroundCompositing:2    ; additive background scattering]]
[2022.10.11-03.09.37:975][  0]LogConfig: Setting CVar [[r.DOF.Scatter.EnableBokehSettings:1      ; bokeh simulation when scattering]]
[2022.10.11-03.09.37:975][  0]LogConfig: Setting CVar [[r.DOF.Scatter.MaxSpriteRatio:0.1         ; only a maximum of 10% of scattered bokeh]]
[2022.10.11-03.09.37:975][  0]LogConfig: Setting CVar [[r.DOF.Recombine.Quality:1                ; cheap slight out of focus]]
[2022.10.11-03.09.37:975][  0]LogConfig: Setting CVar [[r.DOF.Recombine.EnableBokehSettings:0    ; no bokeh simulation on slight out of focus]]
[2022.10.11-03.09.37:975][  0]LogConfig: Setting CVar [[r.DOF.TemporalAAQuality:1                ; more stable temporal accumulation]]
[2022.10.11-03.09.37:975][  0]LogConfig: Setting CVar [[r.DOF.Kernel.MaxForegroundRadius:0.025]]
[2022.10.11-03.09.37:975][  0]LogConfig: Setting CVar [[r.DOF.Kernel.MaxBackgroundRadius:0.025]]
[2022.10.11-03.09.37:975][  0]LogConfig: Applying CVar settings from Section [TextureQuality@3] File [C:/Users/murat/OneDrive/Belgeler/Unreal Projects/UnrealLearningKit/Saved/Config/Windows/Scalability.ini]
[2022.10.11-03.09.37:975][  0]LogConfig: Setting CVar [[r.Streaming.MipBias:0]]
[2022.10.11-03.09.37:975][  0]LogConfig: Setting CVar [[r.Streaming.AmortizeCPUToGPUCopy:0]]
[2022.10.11-03.09.37:975][  0]LogConfig: Setting CVar [[r.Streaming.MaxNumTexturesToStreamPerFrame:0]]
[2022.10.11-03.09.37:975][  0]LogConfig: Setting CVar [[r.Streaming.Boost:1]]
[2022.10.11-03.09.37:975][  0]LogConfig: Setting CVar [[r.MaxAnisotropy:8]]
[2022.10.11-03.09.37:975][  0]LogConfig: Setting CVar [[r.VT.MaxAnisotropy:8]]
[2022.10.11-03.09.37:975][  0]LogConfig: Setting CVar [[r.Streaming.LimitPoolSizeToVRAM:0]]
[2022.10.11-03.09.37:975][  0]LogConfig: Setting CVar [[r.Streaming.PoolSize:1000]]
[2022.10.11-03.09.37:975][  0]LogConfig: Setting CVar [[r.Streaming.MaxEffectiveScreenSize:0]]
[2022.10.11-03.09.37:975][  0]LogConfig: Applying CVar settings from Section [EffectsQuality@3] File [C:/Users/murat/OneDrive/Belgeler/Unreal Projects/UnrealLearningKit/Saved/Config/Windows/Scalability.ini]
[2022.10.11-03.09.37:975][  0]LogConfig: Setting CVar [[r.TranslucencyLightingVolumeDim:64]]
[2022.10.11-03.09.37:975][  0]LogConfig: Setting CVar [[r.RefractionQuality:2]]
[2022.10.11-03.09.37:975][  0]LogConfig: Setting CVar [[r.SSR.Quality:3]]
[2022.10.11-03.09.37:975][  0]LogConfig: Setting CVar [[r.SSR.HalfResSceneColor:0]]
[2022.10.11-03.09.37:975][  0]LogConfig: Setting CVar [[r.SceneColorFormat:4]]
[2022.10.11-03.09.37:975][  0]LogConfig: Setting CVar [[r.DetailMode:2]]
[2022.10.11-03.09.37:975][  0]LogConfig: Setting CVar [[r.TranslucencyVolumeBlur:1]]
[2022.10.11-03.09.37:975][  0]LogConfig: Setting CVar [[r.MaterialQualityLevel:1 ; High quality]]
[2022.10.11-03.09.37:975][  0]LogConfig: Setting CVar [[r.AnisotropicMaterials:1]]
[2022.10.11-03.09.37:975][  0]LogConfig: Setting CVar [[r.SSS.Scale:1]]
[2022.10.11-03.09.37:975][  0]LogConfig: Setting CVar [[r.SSS.SampleSet:2]]
[2022.10.11-03.09.37:975][  0]LogConfig: Setting CVar [[r.SSS.Quality:1]]
[2022.10.11-03.09.37:975][  0]LogConfig: Setting CVar [[r.SSS.HalfRes:0]]
[2022.10.11-03.09.37:975][  0]LogConfig: Setting CVar [[r.SSGI.Quality:3]]
[2022.10.11-03.09.37:975][  0]LogConfig: Setting CVar [[r.EmitterSpawnRateScale:1.0]]
[2022.10.11-03.09.37:975][  0]LogConfig: Setting CVar [[r.ParticleLightQuality:2]]
[2022.10.11-03.09.37:975][  0]LogConfig: Setting CVar [[r.SkyAtmosphere.AerialPerspectiveLUT.FastApplyOnOpaque:1 ; Always have FastSkyLUT 1 in this case to avoid wrong sky]]
[2022.10.11-03.09.37:975][  0]LogConfig: Setting CVar [[r.SkyAtmosphere.AerialPerspectiveLUT.SampleCountMaxPerSlice:4]]
[2022.10.11-03.09.37:975][  0]LogConfig: Setting CVar [[r.SkyAtmosphere.AerialPerspectiveLUT.DepthResolution:16.0]]
[2022.10.11-03.09.37:975][  0]LogConfig: Setting CVar [[r.SkyAtmosphere.FastSkyLUT:1]]
[2022.10.11-03.09.37:975][  0]LogConfig: Setting CVar [[r.SkyAtmosphere.FastSkyLUT.SampleCountMin:4.0]]
[2022.10.11-03.09.37:975][  0]LogConfig: Setting CVar [[r.SkyAtmosphere.FastSkyLUT.SampleCountMax:128.0]]
[2022.10.11-03.09.37:975][  0]LogConfig: Setting CVar [[r.SkyAtmosphere.SampleCountMin:4.0]]
[2022.10.11-03.09.37:975][  0]LogConfig: Setting CVar [[r.SkyAtmosphere.SampleCountMax:128.0]]
[2022.10.11-03.09.37:975][  0]LogConfig: Setting CVar [[r.SkyAtmosphere.TransmittanceLUT.UseSmallFormat:0]]
[2022.10.11-03.09.37:975][  0]LogConfig: Setting CVar [[r.SkyAtmosphere.TransmittanceLUT.SampleCount:10.0]]
[2022.10.11-03.09.37:975][  0]LogConfig: Setting CVar [[r.SkyAtmosphere.MultiScatteringLUT.SampleCount:15.0]]
[2022.10.11-03.09.37:975][  0]LogConfig: Setting CVar [[r.SkyLight.RealTimeReflectionCapture:1]]
[2022.10.11-03.09.37:975][  0]LogConfig: Applying CVar settings from Section [FoliageQuality@3] File [C:/Users/murat/OneDrive/Belgeler/Unreal Projects/UnrealLearningKit/Saved/Config/Windows/Scalability.ini]
[2022.10.11-03.09.37:975][  0]LogConfig: Setting CVar [[foliage.DensityScale:1.0]]
[2022.10.11-03.09.37:975][  0]LogConfig: Setting CVar [[grass.DensityScale:1.0]]
[2022.10.11-03.09.37:975][  0]LogConfig: Applying CVar settings from Section [ShadingQuality@3] File [C:/Users/murat/OneDrive/Belgeler/Unreal Projects/UnrealLearningKit/Saved/Config/Windows/Scalability.ini]
[2022.10.11-03.09.37:975][  0]LogConfig: Setting CVar [[r.HairStrands.SkyLighting.IntegrationType:2]]
[2022.10.11-03.09.37:975][  0]LogConfig: Setting CVar [[r.HairStrands.SkyAO.SampleCount:4]]
[2022.10.11-03.09.37:975][  0]LogConfig: Setting CVar [[r.HairStrands.Visibility.MSAA.SamplePerPixel:4]]
[2022.10.11-03.09.37:975][  0]LogConfig: Applying CVar settings from Section [Startup] File [../../../Engine/Config/ConsoleVariables.ini]
[2022.10.11-03.09.37:976][  0]LogConfig: Setting CVar [[net.UseAdaptiveNetUpdateFrequency:0]]
[2022.10.11-03.09.37:976][  0]LogConfig: Setting CVar [[p.chaos.AllowCreatePhysxBodies:1]]
[2022.10.11-03.09.37:976][  0]LogConfig: Setting CVar [[fx.SkipVectorVMBackendOptimizations:1]]
[2022.10.11-03.09.37:976][  0]LogConfig: Applying CVar settings from Section [ConsoleVariables] File [C:/Users/murat/OneDrive/Belgeler/Unreal Projects/UnrealLearningKit/Saved/Config/Windows/Engine.ini]
[2022.10.11-03.09.37:976][  0]LogConfig: Applying CVar settings from Section [ConsoleVariables] File [C:/Users/murat/OneDrive/Belgeler/Unreal Projects/UnrealLearningKit/Saved/Config/Windows/Editor.ini]
[2022.10.11-03.09.37:976][  0]LogInit: Computer: LAPTOP-24NK5H3E
[2022.10.11-03.09.37:976][  0]LogInit: User: murat
[2022.10.11-03.09.37:976][  0]LogInit: CPU Page size=4096, Cores=8
[2022.10.11-03.09.37:976][  0]LogInit: High frequency timer resolution =10.000000 MHz
[2022.10.11-03.09.37:976][  0]LogMemory: Memory total: Physical=15.2GB (16GB approx)
[2022.10.11-03.09.37:976][  0]LogMemory: Platform Memory Stats for Windows
[2022.10.11-03.09.37:976][  0]LogMemory: Process Physical Memory: 151.12 MB used, 151.12 MB peak
[2022.10.11-03.09.37:976][  0]LogMemory: Process Virtual Memory: 135.45 MB used, 135.45 MB peak
[2022.10.11-03.09.37:976][  0]LogMemory: Physical Memory: 7522.17 MB used,  8087.93 MB free, 15610.10 MB total
[2022.10.11-03.09.37:976][  0]LogMemory: Virtual Memory: 134209448.00 MB used,  8279.31 MB free, 134217728.00 MB total
[2022.10.11-03.09.37:981][  0]LogWindows: WindowsPlatformFeatures enabled
[2022.10.11-03.09.38:009][  0]LogInit: Physics initialised using underlying interface: PhysX
[2022.10.11-03.09.38:010][  0]LogInit: Using OS detected language (en-US).
[2022.10.11-03.09.38:010][  0]LogInit: Using OS detected locale (en-US).
[2022.10.11-03.09.38:014][  0]LogTextLocalizationManager: No specific localization for 'en-US' exists, so the 'en' localization will be used.
[2022.10.11-03.09.38:151][  0]LogInit: Setting process to per monitor DPI aware
[2022.10.11-03.09.38:160][  0]LogWindowsTextInputMethodSystem: Display: IME system deactivated.
[2022.10.11-03.09.38:170][  0]LogSlate: New Slate User Created.  User Index 0, Is Virtual User: 0
[2022.10.11-03.09.38:170][  0]LogSlate: Slate User Registered.  User Index 0, Is Virtual User: 0
[2022.10.11-03.09.38:260][  0]LogD3D11RHI: Loaded GFSDK_Aftermath_Lib.x64.dll
[2022.10.11-03.09.38:263][  0]LogHMD: Failed to initialize OpenVR with code 110
[2022.10.11-03.09.38:263][  0]LogD3D11RHI: D3D11 min allowed feature level: 11_0
[2022.10.11-03.09.38:263][  0]LogD3D11RHI: D3D11 max allowed feature level: 11_0
[2022.10.11-03.09.38:263][  0]LogD3D11RHI: D3D11 adapters:
[2022.10.11-03.09.38:336][  0]LogD3D11RHI:    0. 'NVIDIA GeForce RTX 3060 Laptop GPU' (Feature Level 11_0)
[2022.10.11-03.09.38:336][  0]LogD3D11RHI:       6023/0/7805 MB DedicatedVideo/DedicatedSystem/SharedSystem, Outputs:1, VendorId:0x10de
[2022.10.11-03.09.38:380][  0]LogD3D11RHI:    1. 'AMD Radeon(TM) Graphics' (Feature Level 11_0)
[2022.10.11-03.09.38:380][  0]LogD3D11RHI:       486/0/7805 MB DedicatedVideo/DedicatedSystem/SharedSystem, Outputs:1, VendorId:0x1002
[2022.10.11-03.09.38:382][  0]LogD3D11RHI:    2. 'Microsoft Basic Render Driver' (Feature Level 11_0)
[2022.10.11-03.09.38:382][  0]LogD3D11RHI:       0/0/7805 MB DedicatedVideo/DedicatedSystem/SharedSystem, Outputs:0, VendorId:0x1414
[2022.10.11-03.09.38:382][  0]LogD3D11RHI: Chosen D3D11 Adapter:
[2022.10.11-03.09.38:382][  0]LogD3D11RHI:     Description : NVIDIA GeForce RTX 3060 Laptop GPU
[2022.10.11-03.09.38:382][  0]LogD3D11RHI:     VendorId    : 10de
[2022.10.11-03.09.38:382][  0]LogD3D11RHI:     DeviceId    : 2520
[2022.10.11-03.09.38:382][  0]LogD3D11RHI:     SubSysId    : 1a5c1043
[2022.10.11-03.09.38:382][  0]LogD3D11RHI:     Revision    : 00a1
[2022.10.11-03.09.38:382][  0]LogD3D11RHI:     DedicatedVideoMemory : 6315573248 bytes
[2022.10.11-03.09.38:382][  0]LogD3D11RHI:     DedicatedSystemMemory : 0 bytes
[2022.10.11-03.09.38:382][  0]LogD3D11RHI:     SharedSystemMemory : 8184186880 bytes
[2022.10.11-03.09.38:382][  0]LogD3D11RHI:     AdapterLuid : 0 82153
[2022.10.11-03.09.38:388][  0]LogD3D11RHI: Creating new Direct3DDevice
[2022.10.11-03.09.38:388][  0]LogD3D11RHI:     GPU DeviceId: 0x2520 (for the marketing name, search the web for "GPU Device Id")
[2022.10.11-03.09.38:388][  0]LogWindows: EnumDisplayDevices:
[2022.10.11-03.09.38:388][  0]LogWindows:    0. 'AMD Radeon(TM) Graphics' (P:0 D:1)
[2022.10.11-03.09.38:388][  0]LogWindows:    1. 'AMD Radeon(TM) Graphics' (P:0 D:0)
[2022.10.11-03.09.38:388][  0]LogWindows:    2. 'AMD Radeon(TM) Graphics' (P:0 D:0)
[2022.10.11-03.09.38:388][  0]LogWindows:    3. 'AMD Radeon(TM) Graphics' (P:0 D:0)
[2022.10.11-03.09.38:388][  0]LogWindows:    4. 'AMD Radeon(TM) Graphics' (P:0 D:0)
[2022.10.11-03.09.38:389][  0]LogWindows:    5. 'NVIDIA GeForce RTX 3060 Laptop GPU' (P:1 D:1)
[2022.10.11-03.09.38:389][  0]LogWindows:    6. 'NVIDIA GeForce RTX 3060 Laptop GPU' (P:0 D:0)
[2022.10.11-03.09.38:389][  0]LogWindows:    7. 'NVIDIA GeForce RTX 3060 Laptop GPU' (P:0 D:0)
[2022.10.11-03.09.38:389][  0]LogWindows:    8. 'NVIDIA GeForce RTX 3060 Laptop GPU' (P:0 D:0)
[2022.10.11-03.09.38:389][  0]LogWindows: DebugString: PrimaryIsNotTheChoosenAdapter PrimaryIsNotTheChoosenAdapter PrimaryIsNotTheChoosenAdapter PrimaryIsNotTheChoosenAdapter PrimaryIsNotTheChoosenAdapter FoundDriverCount:4 
[2022.10.11-03.09.38:389][  0]LogD3D11RHI:     Adapter Name: NVIDIA GeForce RTX 3060 Laptop GPU
[2022.10.11-03.09.38:389][  0]LogD3D11RHI:   Driver Version: 512.78 (internal:30.0.15.1278, unified:512.78)
[2022.10.11-03.09.38:389][  0]LogD3D11RHI:      Driver Date: 5-5-2022
[2022.10.11-03.09.38:389][  0]LogRHI: Texture pool is 4216 MB (70% of 6023 MB)
[2022.10.11-03.09.38:389][  0]LogD3D11RHI: Creating D3DDevice using adapter:
[2022.10.11-03.09.38:389][  0]LogD3D11RHI:     Description : NVIDIA GeForce RTX 3060 Laptop GPU
[2022.10.11-03.09.38:389][  0]LogD3D11RHI:     VendorId    : 10de
[2022.10.11-03.09.38:389][  0]LogD3D11RHI:     DeviceId    : 2520
[2022.10.11-03.09.38:389][  0]LogD3D11RHI:     SubSysId    : 1a5c1043
[2022.10.11-03.09.38:389][  0]LogD3D11RHI:     Revision    : 00a1
[2022.10.11-03.09.38:389][  0]LogD3D11RHI:     DedicatedVideoMemory : 6315573248 bytes
[2022.10.11-03.09.38:389][  0]LogD3D11RHI:     DedicatedSystemMemory : 0 bytes
[2022.10.11-03.09.38:389][  0]LogD3D11RHI:     SharedSystemMemory : 8184186880 bytes
[2022.10.11-03.09.38:389][  0]LogD3D11RHI:     AdapterLuid : 0 82153
[2022.10.11-03.09.38:433][  0]LogD3D11RHI: RHI has support for 64 bit atomics
[2022.10.11-03.09.38:433][  0]LogD3D11RHI: Async texture creation enabled
[2022.10.11-03.09.38:433][  0]LogD3D11RHI: Array index from any shader is supported
[2022.10.11-03.09.38:434][  0]LogD3D11RHI: HDR output is supported on display 0 (NvId: 0x80061080).
[2022.10.11-03.09.38:456][  0]LogD3D11RHI: GPU Timing Frequency: 1000.000000 (Debug: 2 1)
[2022.10.11-03.09.38:474][  0]LogRHI: GeForceNow SDK initialized: 1
[2022.10.11-03.09.38:691][  0]LogTargetPlatformManager: Display: Loaded TargetPlatform 'AllDesktop'
[2022.10.11-03.09.38:708][  0]LogTargetPlatformManager: Display: Loaded TargetPlatform 'Android'
[2022.10.11-03.09.38:708][  0]LogTargetPlatformManager: Display: Loaded TargetPlatform 'Android_ASTC'
[2022.10.11-03.09.38:708][  0]LogTargetPlatformManager: Display: Loaded TargetPlatform 'Android_DXT'
[2022.10.11-03.09.38:708][  0]LogTargetPlatformManager: Display: Loaded TargetPlatform 'Android_ETC2'
[2022.10.11-03.09.38:708][  0]LogTargetPlatformManager: Display: Loaded TargetPlatform 'AndroidClient'
[2022.10.11-03.09.38:708][  0]LogTargetPlatformManager: Display: Loaded TargetPlatform 'Android_ASTCClient'
[2022.10.11-03.09.38:708][  0]LogTargetPlatformManager: Display: Loaded TargetPlatform 'Android_DXTClient'
[2022.10.11-03.09.38:708][  0]LogTargetPlatformManager: Display: Loaded TargetPlatform 'Android_ETC2Client'
[2022.10.11-03.09.38:708][  0]LogTargetPlatformManager: Display: Loaded TargetPlatform 'Android_Multi'
[2022.10.11-03.09.38:708][  0]LogTargetPlatformManager: Display: Loaded TargetPlatform 'Android_MultiClient'
[2022.10.11-03.09.38:723][  0]LogTargetPlatformManager: Display: Loaded TargetPlatform 'IOSClient'
[2022.10.11-03.09.38:724][  0]LogTargetPlatformManager: Display: Loaded TargetPlatform 'IOS'
[2022.10.11-03.09.38:732][  0]LogTargetPlatformManager: Display: Loaded TargetPlatform 'Linux'
[2022.10.11-03.09.38:735][  0]LogTargetPlatformManager: Display: Loaded TargetPlatform 'LinuxNoEditor'
[2022.10.11-03.09.38:739][  0]LogTargetPlatformManager: Display: Loaded TargetPlatform 'LinuxClient'
[2022.10.11-03.09.38:742][  0]LogTargetPlatformManager: Display: Loaded TargetPlatform 'LinuxServer'
[2022.10.11-03.09.38:750][  0]LogTargetPlatformManager: Display: Loaded TargetPlatform 'LinuxAArch64NoEditor'
[2022.10.11-03.09.38:753][  0]LogTargetPlatformManager: Display: Loaded TargetPlatform 'LinuxAArch64Client'
[2022.10.11-03.09.38:757][  0]LogTargetPlatformManager: Display: Loaded TargetPlatform 'LinuxAArch64Server'
[2022.10.11-03.09.38:777][  0]LogTargetPlatformManager: Display: Loaded TargetPlatform 'Lumin'
[2022.10.11-03.09.38:777][  0]LogTargetPlatformManager: Display: Loaded TargetPlatform 'LuminClient'
[2022.10.11-03.09.38:784][  0]LogTargetPlatformManager: Display: Loaded TargetPlatform 'MacNoEditor'
[2022.10.11-03.09.38:788][  0]LogTargetPlatformManager: Display: Loaded TargetPlatform 'Mac'
[2022.10.11-03.09.38:791][  0]LogTargetPlatformManager: Display: Loaded TargetPlatform 'MacClient'
[2022.10.11-03.09.38:795][  0]LogTargetPlatformManager: Display: Loaded TargetPlatform 'MacServer'
[2022.10.11-03.09.38:803][  0]LogTargetPlatformManager: Display: Loaded TargetPlatform 'TVOSClient'
[2022.10.11-03.09.38:803][  0]LogTargetPlatformManager: Display: Loaded TargetPlatform 'TVOS'
[2022.10.11-03.09.38:811][  0]LogTargetPlatformManager: Display: Loaded TargetPlatform 'WindowsNoEditor'
[2022.10.11-03.09.38:815][  0]LogTargetPlatformManager: Display: Loaded TargetPlatform 'Windows'
[2022.10.11-03.09.38:819][  0]LogTargetPlatformManager: Display: Loaded TargetPlatform 'WindowsClient'
[2022.10.11-03.09.38:823][  0]LogTargetPlatformManager: Display: Loaded TargetPlatform 'WindowsServer'
[2022.10.11-03.09.38:823][  0]LogTargetPlatformManager: Display: Building Assets For Windows
[2022.10.11-03.09.38:829][  0]LogAudioDebug: Display: Lib vorbis DLL was dynamically loaded.
[2022.10.11-03.09.38:854][  0]LogTextureFormatOodle: Display: Oodle Texture 2.9.0 init RDO Off
[2022.10.11-03.09.38:878][  0]LogRendererCore: Ray tracing is disabled. Reason: r.RayTracing=0.
[2022.10.11-03.09.38:878][  0]LogShaderCompilers: Guid format shader working directory is -36 characters bigger than the processId version (../../../../../../Users/murat/OneDrive/Belgeler/Unreal Projects/UnrealLearningKit/Intermediate/Shaders/WorkingDirectory/17864/).
[2022.10.11-03.09.38:878][  0]LogShaderCompilers: Cleaned the shader compiler working directory 'C:/Users/murat/AppData/Local/Temp/UnrealShaderWorkingDir/199DFB8E49961CB6271CA39BC55881D3/'.
[2022.10.11-03.09.38:878][  0]LogXGEController: Cannot use XGE Controller as Incredibuild is not installed on this machine.
[2022.10.11-03.09.38:878][  0]LogShaderCompilers: Cannot use XGE Shader Compiler as Incredibuild is not installed on this machine.
[2022.10.11-03.09.38:878][  0]LogShaderCompilers: Display: Using Local Shader Compiler.
[2022.10.11-03.09.39:438][  0]LogDerivedDataCache: Display: Max Cache Size: 512 MB
[2022.10.11-03.09.39:490][  0]LogDerivedDataCache: Loaded boot cache 0.05s 115MB C:/Users/murat/AppData/Local/UnrealEngine/4.27/DerivedDataCache/Boot.ddc.
[2022.10.11-03.09.39:490][  0]LogDerivedDataCache: Display: Loaded Boot cache: C:/Users/murat/AppData/Local/UnrealEngine/4.27/DerivedDataCache/Boot.ddc
[2022.10.11-03.09.39:491][  0]LogDerivedDataCache: FDerivedDataBackendGraph:  Pak pak cache file ../../../../../../Users/murat/OneDrive/Belgeler/Unreal Projects/UnrealLearningKit/DerivedDataCache/DDC.ddp not found, will not use a pak cache.
[2022.10.11-03.09.39:491][  0]LogDerivedDataCache: Unable to find inner node Pak for hierarchical cache Hierarchy.
[2022.10.11-03.09.39:491][  0]LogDerivedDataCache: FDerivedDataBackendGraph:  CompressedPak pak cache file ../../../../../../Users/murat/OneDrive/Belgeler/Unreal Projects/UnrealLearningKit/DerivedDataCache/Compressed.ddp not found, will not use a pak cache.
[2022.10.11-03.09.39:491][  0]LogDerivedDataCache: Unable to find inner node CompressedPak for hierarchical cache Hierarchy.
[2022.10.11-03.09.39:506][  0]LogDerivedDataCache: Display: Pak cache opened for reading ../../../Engine/DerivedDataCache/Compressed.ddp.
[2022.10.11-03.09.39:506][  0]LogDerivedDataCache: FDerivedDataBackendGraph:  EnterprisePak pak cache file ../../../Enterprise/DerivedDataCache/Compressed.ddp not found, will not use a pak cache.
[2022.10.11-03.09.39:506][  0]LogDerivedDataCache: Unable to find inner node EnterprisePak for hierarchical cache Hierarchy.
[2022.10.11-03.09.39:513][  0]LogDerivedDataCache: Speed tests for C:/Users/murat/AppData/Local/UnrealEngine/Common/DerivedDataCache took 0.01 seconds
[2022.10.11-03.09.39:513][  0]LogDerivedDataCache: Display: Performance to C:/Users/murat/AppData/Local/UnrealEngine/Common/DerivedDataCache: Latency=0.02ms. RandomReadSpeed=305.01MBs, RandomWriteSpeed=270.53MBs. Assigned SpeedClass 'Local'
[2022.10.11-03.09.39:514][  0]LogDerivedDataCache: Using Local data cache path C:/Users/murat/AppData/Local/UnrealEngine/Common/DerivedDataCache: Writable
[2022.10.11-03.09.39:514][  0]LogDerivedDataCache: Shared data cache path not found in *engine.ini, will not use an Shared cache.
[2022.10.11-03.09.39:514][  0]LogDerivedDataCache: Unable to find inner node Shared for hierarchical cache Hierarchy.
[2022.10.11-03.09.39:549][  0]LogSlate: Using FreeType 2.10.0
[2022.10.11-03.09.39:549][  0]LogSlate: SlateFontServices - WITH_FREETYPE: 1, WITH_HARFBUZZ: 1
[2022.10.11-03.09.39:565][  0]LogAssetRegistry: FAssetRegistry took 0.0026 seconds to start up
[2022.10.11-03.09.39:756][  0]LogInit: Selected Device Profile: [Windows]
[2022.10.11-03.09.39:756][  0]LogInit: Active device profile: [000002A722B5D100][000002A720491740 49] Windows
[2022.10.11-03.09.39:756][  0]LogInit: Profiles: [000002A722B5D100][000002A720491740 49] Windows, [000002A722B0E700][000002A7187EF8C0 49] WindowsNoEditor, [000002A722B5E200][000002A72274FA40 49] WindowsServer, [000002A722B0D900][000002A72280BBC0 49] WindowsClient, [000002A722B5D700][000002A7228621C0 49] IOS, [000002A722B0E900][000002A722866340 49] iPadAir, [000002A722B5FC00][000002A72286A4C0 49] iPadAir2, [000002A7237C5400][000002A72287A780 49] IPadPro, [000002A7237C5500][000002A7228767C0 49] iPadAir3, [000002A722B0FA00][000002A722882940 49] iPadAir4, [000002A7237C6300][000002A72289AAC0 49] iPadMini2, [000002A722B0F100][000002A7228A2C40 49] iPadMini3, [000002A7237C6F00][000002A720494D80 49] iPadMini4, [000002A722B0DE00][000002A7228A6EC0 49] iPadMini5, [000002A72381D000][000002A722701100 49] iPhone6, [000002A72381D100][000002A7228AB140 49] iPodTouch6, [000002A722B5F900][000002A7200E5400 49] iPhone7, [000002A722B5E900][000002A7200D5440 49] iPodTouch7, [000002A7237C5000][000002A7200E95C0 49] iPhone5S, [000002A722B5EF00][000002A7200ED740 49] iPhone6Plus, [000002A7237C7600][000002A7200F18C0 49] iPhone6S, [000002A722B5CC00][000002A7226F9A40 49] iPhone6SPlus, [000002A722B5DD00][000002A7200F5BC0 49] iPhone7Plus, [000002A72381C800][000002A7200F81C0 49] iPhoneSE, [000002A722B5C400][000002A7133FA340 49] iPhone8, [000002A72381C900][000002A7133FE4C0 49] iPhone8Plus, [000002A72381EE00][000002A713402640 49] iPhoneX, [000002A7237C5D00][000002A7134067C0 49] iPhoneXS, [000002A72381E700][000002A713410940 49] iPhoneXSMax, [000002A7237C5C00][000002A713414AC0 49] iPhoneXR, [000002A72381E800][000002A717FB2C40 49] iPhone11, [000002A7237C4F00][000002A717FB6DC0 49] iPhone11Pro, [000002A72381CB00][000002A717FC0F40 49] iPhone11ProMax, [000002A7237C4D00][000002A7200B1080 49] iPhoneSE2, [000002A72381CE00][000002A72406B1C0 49] iPhone12Mini, [000002A722B5F800][000002A72409D300 49] iPhone12, [000002A72381F000][000002A7240B1480 49] iPhone12Pro, [000002A722B5F700][000002A7240B5600 49] iPhone12ProMax, [000002A72381DE00][000002A7240B9780 49] iPadPro105, [000002A722B5D300][000002A7240C1900 49] iPadPro129, [000002A72381FE00][000002A7240CDA80 49] iPadPro97, [000002A722B5DC00][000002A723ACFC00 49] iPadPro2_129, [000002A72381E000][000002A723AD6200 49] iPad5, [000002A722B5E300][000002A723AFC380 49] iPad6, [000002A72381FB00][000002A723B12500 49] iPad7, [000002A722B5DE00][000002A723B90680 49] iPad8, [000002A72381CA00][000002A723C20800 49] iPadPro11, [000002A722B5E600][000002A723CAA980 49] iPadPro2_11, [000002A72381CF00][000002A723CAEB00 49] iPadPro3_129, [000002A722B5E800][000002A723CB6C80 49] iPadPro4_129, [000002A72381FC00][000002A723CBAE00 49] AppleTV, [000002A722B5DA00][000002A724280F80 49] AppleTV4K, [000002A72381E600][000002A724285100 49] TVOS, [000002A722B5E100][000002A7240AD240 49] Mac, [000002A72381EF00][000002A72429F380 49] MacClient, [000002A722B5EA00][000002A717F674C0 49] MacNoEditor, [000002A72381EC00][000002A717F6F640 49] MacServer, [000002A722B5F000][000002A717F737C0 49] Linux, [000002A72381C400][000002A717F77940 49] LinuxAArch64, [000002A722B5C700][000002A717F7BAC0 49] LinuxNoEditor, [000002A72381F700][000002A717F7E0C0 49] LinuxAArch64NoEditor, [000002A722B5FB00][000002A717F82240 49] LinuxClient, [000002A72381F400][000002A717F863C0 49] LinuxAArch64Client, [000002A722B5FE00][000002A717F8A540 49] LinuxServer, [000002A72381C700][000002A717F8E6C0 49] LinuxAArch64Server, [000002A722B5DF00][000002A722752840 49] Android, [000002A72381EA00][000002A7227709C0 49] Android_Low, [000002A722B5ED00][000002A722774B40 49] Android_Mid, [000002A72381DF00][000002A72277ECC0 49] Android_High, [000002A722B5EB00][000002A723F88E40 49] Android_Default, [000002A72381C100][000002A7238C0FC0 49] Android_Adreno4xx, [000002A722B5C500][000002A7238C5140 49] Android_Adreno5xx_Low, [000002A72381D400][000002A7238C92C0 49] Android_Adreno5xx, [000002A722B5F400][000002A717F6B400 49] Android_Adreno6xx, [000002A72381E300][000002A7238CD540 49] Android_Adreno6xx_Vulkan, [000002A722B5FD00][000002A7238D1680 49] Android_Mali_T6xx, [000002A72381C200][000002A72392F7C0 49] Android_Mali_T7xx, [000002A722B5F600][000002A723937940 49] Android_Mali_T8xx, [000002A72381F200][000002A72393BAC0 49] Android_Mali_G71, [000002A7237C7100][000002A7239760C0 49] Android_Mali_G72, [000002A722B0EF00][000002A7133D8240 49] Android_Mali_G72_Vulkan, [000002A7237C6B00][000002A7133DC3C0 49] Android_Mali_G76, [000002A722B0C500][000002A7133E0540 49] Android_Mali_G76_Vulkan, [000002A7237C4C00][000002A7226FC6C0 49] Android_Mali_G77, [000002A722B0C600][000002A724098840 49] Android_Mali_G77_Vulkan, [000002A7237C6400][000002A7133E49C0 49] Android_Mali_G78, [000002A722B0CD00][000002A7133F6B40 49] Android_Mali_G78_Vulkan, [000002A7237C7D00][000002A724C88CC0 49] Android_Mali_G710, [000002A722B0EB00][000002A724C8CE40 49] Android_Mali_G710_Vulkan, [000002A7237C6A00][000002A724C90FC0 49] Android_Vulkan_SM5, [000002A722B0DA00][000002A724C95140 49] Android_PowerVR_G6xxx, [000002A7237C4500][000002A724C992C0 49] Android_PowerVR_GT7xxx, [000002A722B0C200][000002A724C9D440 49] Android_PowerVR_GE8xxx, [000002A7237C7B00][000002A723933580 49] Android_PowerVR_GM9xxx, [000002A722B0E100][000002A724CA16C0 49] Android_PowerVR_GM9xxx_Vulkan, [000002A7237C5F00][000002A724CA5800 49] Android_TegraK1, [000002A722B0CA00][000002A724CA9940 49] Android_Unknown_Vulkan, [000002A7237C7900][000002A723C7BAC0 49] Lumin, [000002A722B0D100][000002A723C140C0 49] Lumin_Desktop, [000002A7237C6000][000002A723C10240 49] HoloLens, 
[2022.10.11-03.09.39:864][  0]LogMeshReduction: Using QuadricMeshReduction for automatic static mesh reduction
[2022.10.11-03.09.39:864][  0]LogMeshReduction: Using SimplygonMeshReduction for automatic skeletal mesh reduction
[2022.10.11-03.09.39:864][  0]LogMeshReduction: Using ProxyLODMeshReduction for automatic mesh merging
[2022.10.11-03.09.39:864][  0]LogMeshReduction: No distributed automatic mesh merging module available
[2022.10.11-03.09.39:864][  0]LogMeshMerging: No distributed automatic mesh merging module available
[2022.10.11-03.09.39:877][  0]LogNetVersion: UnrealLearningKit 1.0.0, NetCL: 17155196, EngineNetVer: 17, GameNetVer: 0 (Checksum: 2634337718)
[2022.10.11-03.09.40:150][  0]LogTexture: Default maximum texture size for cubemaps generated from long-lat sources has been changed from 512 to unlimited. In order to preserve old behaiour for '/Engine/MapTemplates/Sky/DaylightAmbientCubemap.DaylightAmbientCubemap', its maximum texture size has been explicitly set to 512.
[2022.10.11-03.09.40:189][  0]LogHMD: PokeAHoleMaterial loaded successfully
[2022.10.11-03.09.40:195][  0]LogUObjectArray: 17178 objects as part of root set at end of initial load.
[2022.10.11-03.09.40:195][  0]LogUObjectAllocator: 4302048 out of 0 bytes used by permanent object pool.
[2022.10.11-03.09.40:195][  0]LogUObjectArray: CloseDisregardForGC: 0/0 objects in disregard for GC pool
[2022.10.11-03.09.40:415][  0]LogNiagaraDebuggerClient: Niagara Debugger Client Initialized | Session: 67B2BB134B806B5F2894149DF00025A4 | Instance: 045B18794DFCBCA3735936A08847F5B8 (LAPTOP-24NK5H3E-17864).
[2022.10.11-03.09.40:509][  0]LogPython: Using Python 3.7.7
[2022.10.11-03.09.40:980][  0]LogUdpMessaging: Initializing bridge on interface 0.0.0.0:0 to multicast group 230.0.0.1:6666.
[2022.10.11-03.09.40:986][  0]LogTcpMessaging: Initializing TcpMessaging bridge
[2022.10.11-03.09.41:108][  0]SourceControl: Source control is disabled
[2022.10.11-03.09.41:108][  0]SourceControl: Source control is disabled
[2022.10.11-03.09.41:113][  0]SourceControl: Source control is disabled
[2022.10.11-03.09.41:116][  0]SourceControl: Source control is disabled
[2022.10.11-03.09.41:126][  0]SourceControl: Source control is disabled
[2022.10.11-03.09.41:128][  0]LogUProjectInfo: Found projects:
[2022.10.11-03.09.41:137][  0]LogVSAccessor: Display: Unable to create Visual Studio setup instance: 80040154
[2022.10.11-03.09.41:137][  0]LogVSAccessor: Display: Unable to create Visual Studio setup instance: 80040154
[2022.10.11-03.09.41:137][  0]LogVSAccessor: Display: Unable to create Visual Studio setup instance: 80040154
[2022.10.11-03.09.41:307][  0]LogOpenImageDenoise: OIDN starting up
[2022.10.11-03.09.41:330][  0]LogAndroidPermission: UAndroidPermissionCallbackProxy::GetInstance
[2022.10.11-03.09.41:347][  0]LogAudioCaptureCore: Display: No Audio Capture implementations found. Audio input will be silent.
[2022.10.11-03.09.41:347][  0]LogAudioCaptureCore: Display: No Audio Capture implementations found. Audio input will be silent.
[2022.10.11-03.09.41:448][  0]LogCollectionManager: Loaded 0 collections in 0.002198 seconds
[2022.10.11-03.09.41:466][  0]LogFileCache: Scanning file cache for directory 'C:/Users/murat/OneDrive/Belgeler/Unreal Projects/UnrealLearningKit/Saved/Collections/' took 0.00s
[2022.10.11-03.09.41:466][  0]LogFileCache: Scanning file cache for directory 'C:/Users/murat/OneDrive/Belgeler/Unreal Projects/UnrealLearningKit/Content/Developers/murat/Collections/' took 0.00s
[2022.10.11-03.09.41:466][  0]LogFileCache: Scanning file cache for directory 'C:/Users/murat/OneDrive/Belgeler/Unreal Projects/UnrealLearningKit/Content/Collections/' took 0.00s
[2022.10.11-03.09.41:466][  0]LogOcInput: OculusInput pre-init called
[2022.10.11-03.09.41:630][  0]LogEngine: Initializing Engine...
[2022.10.11-03.09.41:632][  0]LogHMD: Failed to enumerate extensions. Please check that you have a valid OpenXR runtime installed.
[2022.10.11-03.09.41:633][  0]LogHMD: Failed to initialize OpenVR with code 110
[2022.10.11-03.09.41:633][  0]LogMagicLeap: Warning: VR disabled because ZI is not enabled.  To enable, in the editor, Edit -> Project Settings -> Plugins -> Magic Leap Plugin -> Enable Zero Iteration
[2022.10.11-03.09.41:633][  0]LogStats: UGameplayTagsManager::InitializeManager -  0.000 s
[2022.10.11-03.09.41:724][  0]LogInit: Initializing FReadOnlyCVARCache
[2022.10.11-03.09.41:730][  0]LogAIModule: Creating AISystem for world Untitled
[2022.10.11-03.09.41:731][  0]LogAudio: Display: Initializing Audio Device Manager...
[2022.10.11-03.09.41:733][  0]LogAudio: Display: Loading Default Audio Settings Objects...
[2022.10.11-03.09.41:734][  0]LogAudio: Display: No default SoundConcurrencyObject specified (or failed to load).
[2022.10.11-03.09.41:734][  0]LogAudio: Display: Audio Device Manager Initialized
[2022.10.11-03.09.41:734][  0]LogAudio: Display: Creating Audio Device:                 Id: 1, Scope: Shared, Realtime: True
[2022.10.11-03.09.41:734][  0]LogAudioMixer: Display: Audio Mixer Platform Settings:
[2022.10.11-03.09.41:734][  0]LogAudioMixer: Display: 	Sample Rate:						  48000
[2022.10.11-03.09.41:734][  0]LogAudioMixer: Display: 	Callback Buffer Frame Size Requested: 1024
[2022.10.11-03.09.41:734][  0]LogAudioMixer: Display: 	Callback Buffer Frame Size To Use:	  1024
[2022.10.11-03.09.41:734][  0]LogAudioMixer: Display: 	Number of buffers to queue:			  2
[2022.10.11-03.09.41:734][  0]LogAudioMixer: Display: 	Max Channels (voices):				  32
[2022.10.11-03.09.41:734][  0]LogAudioMixer: Display: 	Number of Async Source Workers:		  0
[2022.10.11-03.09.41:734][  0]LogAudio: Display: AudioDevice MaxSources: 32
[2022.10.11-03.09.41:734][  0]LogAudio: Display: Audio Spatialization Plugin: None (built-in).
[2022.10.11-03.09.41:734][  0]LogAudio: Display: Audio Reverb Plugin: None (built-in).
[2022.10.11-03.09.41:734][  0]LogAudio: Display: Audio Occlusion Plugin: None (built-in).
[2022.10.11-03.09.41:734][  0]LogAudioMixer: Display: Initializing audio mixer.
[2022.10.11-03.09.41:742][  0]LogAudioMixer: Display: 0: FrontLeft
[2022.10.11-03.09.41:742][  0]LogAudioMixer: Display: 1: FrontRight
[2022.10.11-03.09.41:758][  0]LogAudioMixer: Display: Using Audio Device Speakers (Realtek(R) Audio)
[2022.10.11-03.09.41:760][  0]LogAudioMixer: Display: Initializing Sound Submixes...
[2022.10.11-03.09.41:761][  0]LogAudioMixer: Display: Creating Master Submix 'MasterSubmixDefault'
[2022.10.11-03.09.41:761][  0]LogAudioMixer: Display: Creating Master Submix 'MasterReverbSubmixDefault'
[2022.10.11-03.09.41:762][  0]LogAudioMixer: Display: Creating Master Submix 'MasterEQSubmixDefault'
[2022.10.11-03.09.41:762][  0]LogAudioMixer: FMixerPlatformXAudio2::StartAudioStream() called
[2022.10.11-03.09.41:762][  0]LogAudioMixer: Display: Output buffers initialized: Frames=1024, Channels=2, Samples=2048
[2022.10.11-03.09.41:763][  0]LogAudioMixer: Display: Starting AudioMixerPlatformInterface::RunInternal()
[2022.10.11-03.09.41:763][  0]LogAudioMixer: Display: FMixerPlatformXAudio2::SubmitBuffer() called for the first time
[2022.10.11-03.09.41:763][  0]LogInit: FAudioDevice initialized.
[2022.10.11-03.09.41:763][  0]LogAudio: Display: Audio Device (ID: 1) registered with world 'Untitled'.
[2022.10.11-03.09.41:764][  0]LogNetVersion: Set ProjectVersion to 4.1. Version Checksum will be recalculated on next use.
[2022.10.11-03.09.42:017][  0]LogDerivedDataCache: Saved boot cache 0.25s 115MB C:/Users/murat/AppData/Local/UnrealEngine/4.27/DerivedDataCache/Boot.ddc.
[2022.10.11-03.09.42:019][  0]LogInit: Texture streaming: Enabled
[2022.10.11-03.09.42:031][  0]LogAnalytics: Display: [UEEditor.Rocket.Release] APIServer = https://datarouter.ol.epicgames.com/. AppVersion = 4.27.2-18319896+++UE4+Release-4.27
[2022.10.11-03.09.42:035][  0]LogEngineSessionManager: EngineSessionManager initialized
[2022.10.11-03.09.42:035][  0]LogEditorSessionSummary: Verbose: Initializing EditorSessionSummaryWriter for editor session tracking
[2022.10.11-03.09.42:036][  0]LogEditorSessionSummary: EditorSessionSummaryWriter initialized
[2022.10.11-03.09.42:061][  0]LogInit: Transaction tracking system initialized
[2022.10.11-03.09.42:081][  0]BlueprintLog: New page: Editor Load
[2022.10.11-03.09.42:127][  0]LocalizationService: Localization service is disabled
[2022.10.11-03.09.42:146][  0]TimingProfiler: Initialize
[2022.10.11-03.09.42:146][  0]TimingProfiler: OnSessionChanged
[2022.10.11-03.09.42:146][  0]LoadingProfiler: Initialize
[2022.10.11-03.09.42:146][  0]LoadingProfiler: OnSessionChanged
[2022.10.11-03.09.42:146][  0]NetworkingProfiler: Initialize
[2022.10.11-03.09.42:146][  0]NetworkingProfiler: OnSessionChanged
[2022.10.11-03.09.42:146][  0]MemoryProfiler: Initialize
[2022.10.11-03.09.42:146][  0]MemoryProfiler: OnSessionChanged
[2022.10.11-03.09.42:150][  0]LogClass: Warning: In asset 'None', there is an enum property of type 'EIOSVersion' with an invalid value of 'IOS_11'
[2022.10.11-03.09.42:150][  0]LogObj: Error: LoadConfig (/Script/IOSRuntimeSettings.Default__IOSRuntimeSettings): import failed for MinimumiOSVersion in: IOS_11
[2022.10.11-03.09.42:194][  0]LogVSAccessor: Display: Unable to create Visual Studio setup instance: 80040154
[2022.10.11-03.09.42:195][  0]LogVSAccessor: Display: Unable to create Visual Studio setup instance: 80040154
[2022.10.11-03.09.42:195][  0]LogVSAccessor: Display: Unable to create Visual Studio setup instance: 80040154
[2022.10.11-03.09.42:254][  0]LogCook: Display: CookSettings for Memory: MemoryMaxUsedVirtual 0MiB, MemoryMaxUsedPhysical 16384MiB, MemoryMinFreeVirtual 0MiB, MemoryMinFreePhysical 1024MiB
[2022.10.11-03.09.42:254][  0]LogCook: Display: Mobile HDR setting 1
[2022.10.11-03.09.42:404][  0]LogFileCache: Scanning file cache for directory 'C:/Users/murat/OneDrive/Belgeler/Unreal Projects/UnrealLearningKit/Content/' took 0.01s
[2022.10.11-03.09.42:522][  0]LogInit: Display: Engine is initialized. Leaving FEngineLoop::Init()
[2022.10.11-03.09.42:524][  0]SourceControl: Source control is disabled
[2022.10.11-03.09.42:524][  0]LogUnrealEdMisc: Loading editor; pre map load, took 5.445
[2022.10.11-03.09.42:524][  0]LightingResults: New page: Lighting Build
[2022.10.11-03.09.42:525][  0]LogWorld: UWorld::CleanupWorld for Untitled, bSessionEnded=true, bCleanupResources=true
[2022.10.11-03.09.42:525][  0]LogSlate: InvalidateAllWidgets triggered.  All widgets were invalidated
[2022.10.11-03.09.42:526][  0]MapCheck: New page: Map Check
[2022.10.11-03.09.42:526][  0]LightingResults: New page: Lighting Build
[2022.10.11-03.09.42:529][  0]LogAudio: Display: Audio Device unregistered from world 'None'.
[2022.10.11-03.09.42:532][  0]LogUObjectHash: Compacting FUObjectHashTables data took   1.00ms
[2022.10.11-03.09.43:432][  0]LogAudio: Display: Audio Device (ID: 1) registered with world 'LearningKit_Games_Showcase'.
[2022.10.11-03.09.43:432][  0]LogAIModule: Creating AISystem for world LearningKit_Games_Showcase
[2022.10.11-03.09.44:871][  0]LogEditorServer: Finished looking for orphan Actors (0.000 secs)
[2022.10.11-03.09.44:882][  0]LogUObjectHash: Compacting FUObjectHashTables data took   1.10ms
[2022.10.11-03.09.44:882][  0]Cmd: MAP CHECKDEP NOCLEARLOG
[2022.10.11-03.09.44:883][  0]MapCheck: Map check complete: 0 Error(s), 0 Warning(s), took 0.149ms to complete.
[2022.10.11-03.09.44:883][  0]LogFileHelpers: Loading map 'LearningKit_Games_Showcase' took 2.359
[2022.10.11-03.09.44:884][  0]LogUnrealEdMisc: Total Editor Startup Time, took 7.805
[2022.10.11-03.09.44:994][  0]LogSlate: Updating window title bar state: overlay mode, drag disabled, window buttons hidden, title bar hidden
[2022.10.11-03.09.44:999][  0]LogSlate: Updating window title bar state: overlay mode, drag disabled, window buttons hidden, title bar hidden
[2022.10.11-03.09.45:003][  0]LogSlate: Updating window title bar state: overlay mode, drag disabled, window buttons hidden, title bar hidden
[2022.10.11-03.09.45:007][  0]LogSlate: Updating window title bar state: overlay mode, drag disabled, window buttons hidden, title bar hidden
[2022.10.11-03.09.45:020][  0]LogNativeClassHierarchy: Verbose: Native class hierarchy populated in 0.0094 seconds. Added 3822 classes and 928 folders.
[2022.10.11-03.09.45:022][  0]LogNativeClassHierarchy: Verbose: Native class hierarchy updated for 'WidgetCarousel' in 0.0003 seconds. Added 0 classes and 0 folders.
[2022.10.11-03.09.45:023][  0]LogPakFile: PakFile PrimaryIndexSize=187
[2022.10.11-03.09.45:023][  0]LogPakFile: PakFile PathHashIndexSize=101
[2022.10.11-03.09.45:023][  0]LogPakFile: PakFile FullDirectoryIndexSize=148
[2022.10.11-03.09.45:023][  0]LogShaderLibrary: Display: ShaderCodeLibraryPakFileMountedCallback: PakFile 'C:/Program Files/Epic Games/UE_4.27/FeaturePacks/FP_FirstPerson.upack' (chunk index -1, root 'root:/') mounted
[2022.10.11-03.09.45:023][  0]LogShaderLibrary: Display: ShaderCodeLibraryPakFileMountedCallback: pending pak file info (ChunkID:-1 Root:root:/ File:C:/Program Files/Epic Games/UE_4.27/FeaturePacks/FP_FirstPerson.upack)
[2022.10.11-03.09.45:023][  0]LogPakFile: OnPakFileMounted2Time == 0.000056
[2022.10.11-03.09.45:024][  0]LogPakFile: PakFile PrimaryIndexSize=189
[2022.10.11-03.09.45:024][  0]LogPakFile: PakFile PathHashIndexSize=101
[2022.10.11-03.09.45:024][  0]LogPakFile: PakFile FullDirectoryIndexSize=152
[2022.10.11-03.09.45:024][  0]LogShaderLibrary: Display: ShaderCodeLibraryPakFileMountedCallback: PakFile 'C:/Program Files/Epic Games/UE_4.27/FeaturePacks/FP_FirstPersonBP.upack' (chunk index -1, root 'root:/') mounted
[2022.10.11-03.09.45:024][  0]LogShaderLibrary: Display: ShaderCodeLibraryPakFileMountedCallback: pending pak file info (ChunkID:-1 Root:root:/ File:C:/Program Files/Epic Games/UE_4.27/FeaturePacks/FP_FirstPersonBP.upack)
[2022.10.11-03.09.45:024][  0]LogPakFile: OnPakFileMounted2Time == 0.000028
[2022.10.11-03.09.45:024][  0]LogPakFile: PakFile PrimaryIndexSize=191
[2022.10.11-03.09.45:024][  0]LogPakFile: PakFile PathHashIndexSize=101
[2022.10.11-03.09.45:024][  0]LogPakFile: PakFile FullDirectoryIndexSize=160
[2022.10.11-03.09.45:024][  0]LogShaderLibrary: Display: ShaderCodeLibraryPakFileMountedCallback: PakFile 'C:/Program Files/Epic Games/UE_4.27/FeaturePacks/MobileStarterContent.upack' (chunk index -1, root 'root:/') mounted
[2022.10.11-03.09.45:024][  0]LogShaderLibrary: Display: ShaderCodeLibraryPakFileMountedCallback: pending pak file info (ChunkID:-1 Root:root:/ File:C:/Program Files/Epic Games/UE_4.27/FeaturePacks/MobileStarterContent.upack)
[2022.10.11-03.09.45:024][  0]LogPakFile: OnPakFileMounted2Time == 0.000025
[2022.10.11-03.09.45:025][  0]LogPakFile: PakFile PrimaryIndexSize=185
[2022.10.11-03.09.45:025][  0]LogPakFile: PakFile PathHashIndexSize=101
[2022.10.11-03.09.45:025][  0]LogPakFile: PakFile FullDirectoryIndexSize=148
[2022.10.11-03.09.45:025][  0]LogShaderLibrary: Display: ShaderCodeLibraryPakFileMountedCallback: PakFile 'C:/Program Files/Epic Games/UE_4.27/FeaturePacks/StarterContent.upack' (chunk index -1, root 'root:/') mounted
[2022.10.11-03.09.45:025][  0]LogShaderLibrary: Display: ShaderCodeLibraryPakFileMountedCallback: pending pak file info (ChunkID:-1 Root:root:/ File:C:/Program Files/Epic Games/UE_4.27/FeaturePacks/StarterContent.upack)
[2022.10.11-03.09.45:025][  0]LogPakFile: OnPakFileMounted2Time == 0.000025
[2022.10.11-03.09.45:025][  0]LogPakFile: PakFile PrimaryIndexSize=190
[2022.10.11-03.09.45:025][  0]LogPakFile: PakFile PathHashIndexSize=101
[2022.10.11-03.09.45:025][  0]LogPakFile: PakFile FullDirectoryIndexSize=154
[2022.10.11-03.09.45:025][  0]LogShaderLibrary: Display: ShaderCodeLibraryPakFileMountedCallback: PakFile 'C:/Program Files/Epic Games/UE_4.27/FeaturePacks/TP_2DSideScroller.upack' (chunk index -1, root 'root:/') mounted
[2022.10.11-03.09.45:025][  0]LogShaderLibrary: Display: ShaderCodeLibraryPakFileMountedCallback: pending pak file info (ChunkID:-1 Root:root:/ File:C:/Program Files/Epic Games/UE_4.27/FeaturePacks/TP_2DSideScroller.upack)
[2022.10.11-03.09.45:025][  0]LogPakFile: OnPakFileMounted2Time == 0.000024
[2022.10.11-03.09.45:025][  0]LogPakFile: PakFile PrimaryIndexSize=192
[2022.10.11-03.09.45:025][  0]LogPakFile: PakFile PathHashIndexSize=101
[2022.10.11-03.09.45:025][  0]LogPakFile: PakFile FullDirectoryIndexSize=158
[2022.10.11-03.09.45:025][  0]LogShaderLibrary: Display: ShaderCodeLibraryPakFileMountedCallback: PakFile 'C:/Program Files/Epic Games/UE_4.27/FeaturePacks/TP_2DSideScrollerBP.upack' (chunk index -1, root 'root:/') mounted
[2022.10.11-03.09.45:025][  0]LogShaderLibrary: Display: ShaderCodeLibraryPakFileMountedCallback: pending pak file info (ChunkID:-1 Root:root:/ File:C:/Program Files/Epic Games/UE_4.27/FeaturePacks/TP_2DSideScrollerBP.upack)
[2022.10.11-03.09.45:025][  0]LogPakFile: OnPakFileMounted2Time == 0.000023
[2022.10.11-03.09.45:026][  0]LogPakFile: PakFile PrimaryIndexSize=182
[2022.10.11-03.09.45:026][  0]LogPakFile: PakFile PathHashIndexSize=101
[2022.10.11-03.09.45:026][  0]LogPakFile: PakFile FullDirectoryIndexSize=138
[2022.10.11-03.09.45:026][  0]LogShaderLibrary: Display: ShaderCodeLibraryPakFileMountedCallback: PakFile 'C:/Program Files/Epic Games/UE_4.27/FeaturePacks/TP_Flying.upack' (chunk index -1, root 'root:/') mounted
[2022.10.11-03.09.45:026][  0]LogShaderLibrary: Display: ShaderCodeLibraryPakFileMountedCallback: pending pak file info (ChunkID:-1 Root:root:/ File:C:/Program Files/Epic Games/UE_4.27/FeaturePacks/TP_Flying.upack)
[2022.10.11-03.09.45:026][  0]LogPakFile: OnPakFileMounted2Time == 0.000023
[2022.10.11-03.09.45:026][  0]LogPakFile: PakFile PrimaryIndexSize=184
[2022.10.11-03.09.45:026][  0]LogPakFile: PakFile PathHashIndexSize=101
[2022.10.11-03.09.45:026][  0]LogPakFile: PakFile FullDirectoryIndexSize=142
[2022.10.11-03.09.45:026][  0]LogShaderLibrary: Display: ShaderCodeLibraryPakFileMountedCallback: PakFile 'C:/Program Files/Epic Games/UE_4.27/FeaturePacks/TP_FlyingBP.upack' (chunk index -1, root 'root:/') mounted
[2022.10.11-03.09.45:026][  0]LogShaderLibrary: Display: ShaderCodeLibraryPakFileMountedCallback: pending pak file info (ChunkID:-1 Root:root:/ File:C:/Program Files/Epic Games/UE_4.27/FeaturePacks/TP_FlyingBP.upack)
[2022.10.11-03.09.45:026][  0]LogPakFile: OnPakFileMounted2Time == 0.000022
[2022.10.11-03.09.45:026][  0]LogPakFile: PakFile PrimaryIndexSize=188
[2022.10.11-03.09.45:026][  0]LogPakFile: PakFile PathHashIndexSize=101
[2022.10.11-03.09.45:026][  0]LogPakFile: PakFile FullDirectoryIndexSize=150
[2022.10.11-03.09.45:026][  0]LogShaderLibrary: Display: ShaderCodeLibraryPakFileMountedCallback: PakFile 'C:/Program Files/Epic Games/UE_4.27/FeaturePacks/TP_HandheldARBP.upack' (chunk index -1, root 'root:/') mounted
[2022.10.11-03.09.45:026][  0]LogShaderLibrary: Display: ShaderCodeLibraryPakFileMountedCallback: pending pak file info (ChunkID:-1 Root:root:/ File:C:/Program Files/Epic Games/UE_4.27/FeaturePacks/TP_HandheldARBP.upack)
[2022.10.11-03.09.45:026][  0]LogPakFile: OnPakFileMounted2Time == 0.000022
[2022.10.11-03.09.45:027][  0]LogPakFile: PakFile PrimaryIndexSize=182
[2022.10.11-03.09.45:027][  0]LogPakFile: PakFile PathHashIndexSize=101
[2022.10.11-03.09.45:027][  0]LogPakFile: PakFile FullDirectoryIndexSize=138
[2022.10.11-03.09.45:027][  0]LogShaderLibrary: Display: ShaderCodeLibraryPakFileMountedCallback: PakFile 'C:/Program Files/Epic Games/UE_4.27/FeaturePacks/TP_Puzzle.upack' (chunk index -1, root 'root:/') mounted
[2022.10.11-03.09.45:027][  0]LogShaderLibrary: Display: ShaderCodeLibraryPakFileMountedCallback: pending pak file info (ChunkID:-1 Root:root:/ File:C:/Program Files/Epic Games/UE_4.27/FeaturePacks/TP_Puzzle.upack)
[2022.10.11-03.09.45:027][  0]LogPakFile: OnPakFileMounted2Time == 0.000026
[2022.10.11-03.09.45:027][  0]LogPakFile: PakFile PrimaryIndexSize=184
[2022.10.11-03.09.45:027][  0]LogPakFile: PakFile PathHashIndexSize=101
[2022.10.11-03.09.45:027][  0]LogPakFile: PakFile FullDirectoryIndexSize=142
[2022.10.11-03.09.45:027][  0]LogShaderLibrary: Display: ShaderCodeLibraryPakFileMountedCallback: PakFile 'C:/Program Files/Epic Games/UE_4.27/FeaturePacks/TP_PuzzleBP.upack' (chunk index -1, root 'root:/') mounted
[2022.10.11-03.09.45:027][  0]LogShaderLibrary: Display: ShaderCodeLibraryPakFileMountedCallback: pending pak file info (ChunkID:-1 Root:root:/ File:C:/Program Files/Epic Games/UE_4.27/FeaturePacks/TP_PuzzleBP.upack)
[2022.10.11-03.09.45:027][  0]LogPakFile: OnPakFileMounted2Time == 0.000024
[2022.10.11-03.09.45:028][  0]LogPakFile: PakFile PrimaryIndexSize=183
[2022.10.11-03.09.45:028][  0]LogPakFile: PakFile PathHashIndexSize=101
[2022.10.11-03.09.45:028][  0]LogPakFile: PakFile FullDirectoryIndexSize=140
[2022.10.11-03.09.45:028][  0]LogShaderLibrary: Display: ShaderCodeLibraryPakFileMountedCallback: PakFile 'C:/Program Files/Epic Games/UE_4.27/FeaturePacks/TP_Rolling.upack' (chunk index -1, root 'root:/') mounted
[2022.10.11-03.09.45:028][  0]LogShaderLibrary: Display: ShaderCodeLibraryPakFileMountedCallback: pending pak file info (ChunkID:-1 Root:root:/ File:C:/Program Files/Epic Games/UE_4.27/FeaturePacks/TP_Rolling.upack)
[2022.10.11-03.09.45:028][  0]LogPakFile: OnPakFileMounted2Time == 0.000022
[2022.10.11-03.09.45:028][  0]LogPakFile: PakFile PrimaryIndexSize=185
[2022.10.11-03.09.45:028][  0]LogPakFile: PakFile PathHashIndexSize=101
[2022.10.11-03.09.45:028][  0]LogPakFile: PakFile FullDirectoryIndexSize=144
[2022.10.11-03.09.45:028][  0]LogShaderLibrary: Display: ShaderCodeLibraryPakFileMountedCallback: PakFile 'C:/Program Files/Epic Games/UE_4.27/FeaturePacks/TP_RollingBP.upack' (chunk index -1, root 'root:/') mounted
[2022.10.11-03.09.45:028][  0]LogShaderLibrary: Display: ShaderCodeLibraryPakFileMountedCallback: pending pak file info (ChunkID:-1 Root:root:/ File:C:/Program Files/Epic Games/UE_4.27/FeaturePacks/TP_RollingBP.upack)
[2022.10.11-03.09.45:028][  0]LogPakFile: OnPakFileMounted2Time == 0.000021
[2022.10.11-03.09.45:028][  0]LogPakFile: PakFile PrimaryIndexSize=188
[2022.10.11-03.09.45:028][  0]LogPakFile: PakFile PathHashIndexSize=101
[2022.10.11-03.09.45:028][  0]LogPakFile: PakFile FullDirectoryIndexSize=150
[2022.10.11-03.09.45:028][  0]LogShaderLibrary: Display: ShaderCodeLibraryPakFileMountedCallback: PakFile 'C:/Program Files/Epic Games/UE_4.27/FeaturePacks/TP_SideScroller.upack' (chunk index -1, root 'root:/') mounted
[2022.10.11-03.09.45:028][  0]LogShaderLibrary: Display: ShaderCodeLibraryPakFileMountedCallback: pending pak file info (ChunkID:-1 Root:root:/ File:C:/Program Files/Epic Games/UE_4.27/FeaturePacks/TP_SideScroller.upack)
[2022.10.11-03.09.45:028][  0]LogPakFile: OnPakFileMounted2Time == 0.000021
[2022.10.11-03.09.45:029][  0]LogPakFile: PakFile PrimaryIndexSize=190
[2022.10.11-03.09.45:029][  0]LogPakFile: PakFile PathHashIndexSize=101
[2022.10.11-03.09.45:029][  0]LogPakFile: PakFile FullDirectoryIndexSize=154
[2022.10.11-03.09.45:029][  0]LogShaderLibrary: Display: ShaderCodeLibraryPakFileMountedCallback: PakFile 'C:/Program Files/Epic Games/UE_4.27/FeaturePacks/TP_SideScrollerBP.upack' (chunk index -1, root 'root:/') mounted
[2022.10.11-03.09.45:029][  0]LogShaderLibrary: Display: ShaderCodeLibraryPakFileMountedCallback: pending pak file info (ChunkID:-1 Root:root:/ File:C:/Program Files/Epic Games/UE_4.27/FeaturePacks/TP_SideScrollerBP.upack)
[2022.10.11-03.09.45:029][  0]LogPakFile: OnPakFileMounted2Time == 0.000021
[2022.10.11-03.09.45:029][  0]LogPakFile: PakFile PrimaryIndexSize=187
[2022.10.11-03.09.45:029][  0]LogPakFile: PakFile PathHashIndexSize=101
[2022.10.11-03.09.45:029][  0]LogPakFile: PakFile FullDirectoryIndexSize=148
[2022.10.11-03.09.45:029][  0]LogShaderLibrary: Display: ShaderCodeLibraryPakFileMountedCallback: PakFile 'C:/Program Files/Epic Games/UE_4.27/FeaturePacks/TP_ThirdPerson.upack' (chunk index -1, root 'root:/') mounted
[2022.10.11-03.09.45:029][  0]LogShaderLibrary: Display: ShaderCodeLibraryPakFileMountedCallback: pending pak file info (ChunkID:-1 Root:root:/ File:C:/Program Files/Epic Games/UE_4.27/FeaturePacks/TP_ThirdPerson.upack)
[2022.10.11-03.09.45:029][  0]LogPakFile: OnPakFileMounted2Time == 0.000021
[2022.10.11-03.09.45:029][  0]LogPakFile: PakFile PrimaryIndexSize=189
[2022.10.11-03.09.45:029][  0]LogPakFile: PakFile PathHashIndexSize=101
[2022.10.11-03.09.45:029][  0]LogPakFile: PakFile FullDirectoryIndexSize=152
[2022.10.11-03.09.45:029][  0]LogShaderLibrary: Display: ShaderCodeLibraryPakFileMountedCallback: PakFile 'C:/Program Files/Epic Games/UE_4.27/FeaturePacks/TP_ThirdPersonBP.upack' (chunk index -1, root 'root:/') mounted
[2022.10.11-03.09.45:029][  0]LogShaderLibrary: Display: ShaderCodeLibraryPakFileMountedCallback: pending pak file info (ChunkID:-1 Root:root:/ File:C:/Program Files/Epic Games/UE_4.27/FeaturePacks/TP_ThirdPersonBP.upack)
[2022.10.11-03.09.45:029][  0]LogPakFile: OnPakFileMounted2Time == 0.000022
[2022.10.11-03.09.45:030][  0]LogPakFile: PakFile PrimaryIndexSize=183
[2022.10.11-03.09.45:030][  0]LogPakFile: PakFile PathHashIndexSize=101
[2022.10.11-03.09.45:030][  0]LogPakFile: PakFile FullDirectoryIndexSize=140
[2022.10.11-03.09.45:030][  0]LogShaderLibrary: Display: ShaderCodeLibraryPakFileMountedCallback: PakFile 'C:/Program Files/Epic Games/UE_4.27/FeaturePacks/TP_TopDown.upack' (chunk index -1, root 'root:/') mounted
[2022.10.11-03.09.45:030][  0]LogShaderLibrary: Display: ShaderCodeLibraryPakFileMountedCallback: pending pak file info (ChunkID:-1 Root:root:/ File:C:/Program Files/Epic Games/UE_4.27/FeaturePacks/TP_TopDown.upack)
[2022.10.11-03.09.45:030][  0]LogPakFile: OnPakFileMounted2Time == 0.000028
[2022.10.11-03.09.45:030][  0]LogPakFile: PakFile PrimaryIndexSize=185
[2022.10.11-03.09.45:030][  0]LogPakFile: PakFile PathHashIndexSize=101
[2022.10.11-03.09.45:030][  0]LogPakFile: PakFile FullDirectoryIndexSize=144
[2022.10.11-03.09.45:030][  0]LogShaderLibrary: Display: ShaderCodeLibraryPakFileMountedCallback: PakFile 'C:/Program Files/Epic Games/UE_4.27/FeaturePacks/TP_TopDownBP.upack' (chunk index -1, root 'root:/') mounted
[2022.10.11-03.09.45:030][  0]LogShaderLibrary: Display: ShaderCodeLibraryPakFileMountedCallback: pending pak file info (ChunkID:-1 Root:root:/ File:C:/Program Files/Epic Games/UE_4.27/FeaturePacks/TP_TopDownBP.upack)
[2022.10.11-03.09.45:030][  0]LogPakFile: OnPakFileMounted2Time == 0.000021
[2022.10.11-03.09.45:030][  0]LogPakFile: PakFile PrimaryIndexSize=185
[2022.10.11-03.09.45:030][  0]LogPakFile: PakFile PathHashIndexSize=101
[2022.10.11-03.09.45:030][  0]LogPakFile: PakFile FullDirectoryIndexSize=144
[2022.10.11-03.09.45:030][  0]LogShaderLibrary: Display: ShaderCodeLibraryPakFileMountedCallback: PakFile 'C:/Program Files/Epic Games/UE_4.27/FeaturePacks/TP_TwinStick.upack' (chunk index -1, root 'root:/') mounted
[2022.10.11-03.09.45:030][  0]LogShaderLibrary: Display: ShaderCodeLibraryPakFileMountedCallback: pending pak file info (ChunkID:-1 Root:root:/ File:C:/Program Files/Epic Games/UE_4.27/FeaturePacks/TP_TwinStick.upack)
[2022.10.11-03.09.45:031][  0]LogPakFile: OnPakFileMounted2Time == 0.000023
[2022.10.11-03.09.45:031][  0]LogPakFile: PakFile PrimaryIndexSize=187
[2022.10.11-03.09.45:031][  0]LogPakFile: PakFile PathHashIndexSize=101
[2022.10.11-03.09.45:031][  0]LogPakFile: PakFile FullDirectoryIndexSize=148
[2022.10.11-03.09.45:031][  0]LogShaderLibrary: Display: ShaderCodeLibraryPakFileMountedCallback: PakFile 'C:/Program Files/Epic Games/UE_4.27/FeaturePacks/TP_TwinStickBP.upack' (chunk index -1, root 'root:/') mounted
[2022.10.11-03.09.45:031][  0]LogShaderLibrary: Display: ShaderCodeLibraryPakFileMountedCallback: pending pak file info (ChunkID:-1 Root:root:/ File:C:/Program Files/Epic Games/UE_4.27/FeaturePacks/TP_TwinStickBP.upack)
[2022.10.11-03.09.45:031][  0]LogPakFile: OnPakFileMounted2Time == 0.000021
[2022.10.11-03.09.45:031][  0]LogPakFile: PakFile PrimaryIndexSize=183
[2022.10.11-03.09.45:031][  0]LogPakFile: PakFile PathHashIndexSize=101
[2022.10.11-03.09.45:031][  0]LogPakFile: PakFile FullDirectoryIndexSize=140
[2022.10.11-03.09.45:031][  0]LogShaderLibrary: Display: ShaderCodeLibraryPakFileMountedCallback: PakFile 'C:/Program Files/Epic Games/UE_4.27/FeaturePacks/TP_Vehicle.upack' (chunk index -1, root 'root:/') mounted
[2022.10.11-03.09.45:031][  0]LogShaderLibrary: Display: ShaderCodeLibraryPakFileMountedCallback: pending pak file info (ChunkID:-1 Root:root:/ File:C:/Program Files/Epic Games/UE_4.27/FeaturePacks/TP_Vehicle.upack)
[2022.10.11-03.09.45:031][  0]LogPakFile: OnPakFileMounted2Time == 0.000021
[2022.10.11-03.09.45:031][  0]LogPakFile: PakFile PrimaryIndexSize=186
[2022.10.11-03.09.45:032][  0]LogPakFile: PakFile PathHashIndexSize=101
[2022.10.11-03.09.45:032][  0]LogPakFile: PakFile FullDirectoryIndexSize=146
[2022.10.11-03.09.45:032][  0]LogShaderLibrary: Display: ShaderCodeLibraryPakFileMountedCallback: PakFile 'C:/Program Files/Epic Games/UE_4.27/FeaturePacks/TP_VehicleAdv.upack' (chunk index -1, root 'root:/') mounted
[2022.10.11-03.09.45:032][  0]LogShaderLibrary: Display: ShaderCodeLibraryPakFileMountedCallback: pending pak file info (ChunkID:-1 Root:root:/ File:C:/Program Files/Epic Games/UE_4.27/FeaturePacks/TP_VehicleAdv.upack)
[2022.10.11-03.09.45:032][  0]LogPakFile: OnPakFileMounted2Time == 0.000056
[2022.10.11-03.09.45:032][  0]LogPakFile: PakFile PrimaryIndexSize=188
[2022.10.11-03.09.45:032][  0]LogPakFile: PakFile PathHashIndexSize=101
[2022.10.11-03.09.45:032][  0]LogPakFile: PakFile FullDirectoryIndexSize=150
[2022.10.11-03.09.45:032][  0]LogShaderLibrary: Display: ShaderCodeLibraryPakFileMountedCallback: PakFile 'C:/Program Files/Epic Games/UE_4.27/FeaturePacks/TP_VehicleAdvBP.upack' (chunk index -1, root 'root:/') mounted
[2022.10.11-03.09.45:032][  0]LogShaderLibrary: Display: ShaderCodeLibraryPakFileMountedCallback: pending pak file info (ChunkID:-1 Root:root:/ File:C:/Program Files/Epic Games/UE_4.27/FeaturePacks/TP_VehicleAdvBP.upack)
[2022.10.11-03.09.45:032][  0]LogPakFile: OnPakFileMounted2Time == 0.000037
[2022.10.11-03.09.45:033][  0]LogPakFile: PakFile PrimaryIndexSize=185
[2022.10.11-03.09.45:033][  0]LogPakFile: PakFile PathHashIndexSize=101
[2022.10.11-03.09.45:033][  0]LogPakFile: PakFile FullDirectoryIndexSize=144
[2022.10.11-03.09.45:033][  0]LogShaderLibrary: Display: ShaderCodeLibraryPakFileMountedCallback: PakFile 'C:/Program Files/Epic Games/UE_4.27/FeaturePacks/TP_VehicleBP.upack' (chunk index -1, root 'root:/') mounted
[2022.10.11-03.09.45:033][  0]LogShaderLibrary: Display: ShaderCodeLibraryPakFileMountedCallback: pending pak file info (ChunkID:-1 Root:root:/ File:C:/Program Files/Epic Games/UE_4.27/FeaturePacks/TP_VehicleBP.upack)
[2022.10.11-03.09.45:033][  0]LogPakFile: OnPakFileMounted2Time == 0.000023
[2022.10.11-03.09.45:033][  0]LogPakFile: PakFile PrimaryIndexSize=192
[2022.10.11-03.09.45:033][  0]LogPakFile: PakFile PathHashIndexSize=101
[2022.10.11-03.09.45:033][  0]LogPakFile: PakFile FullDirectoryIndexSize=158
[2022.10.11-03.09.45:033][  0]LogShaderLibrary: Display: ShaderCodeLibraryPakFileMountedCallback: PakFile 'C:/Program Files/Epic Games/UE_4.27/FeaturePacks/TP_VirtualRealityBP.upack' (chunk index -1, root 'root:/') mounted
[2022.10.11-03.09.45:033][  0]LogShaderLibrary: Display: ShaderCodeLibraryPakFileMountedCallback: pending pak file info (ChunkID:-1 Root:root:/ File:C:/Program Files/Epic Games/UE_4.27/FeaturePacks/TP_VirtualRealityBP.upack)
[2022.10.11-03.09.45:033][  0]LogPakFile: OnPakFileMounted2Time == 0.000022
[2022.10.11-03.09.45:068][  0]LogNativeClassHierarchy: Verbose: Native class hierarchy updated for 'AddContentDialog' in 0.0003 seconds. Added 0 classes and 0 folders.
[2022.10.11-03.09.45:069][  0]LogNativeClassHierarchy: Verbose: Native class hierarchy updated for 'SceneOutliner' in 0.0001 seconds. Added 2 classes and 0 folders.
[2022.10.11-03.09.45:108][  0]LogSlate: Took 0.000137 seconds to synchronously load lazily loaded font '../../../Engine/Content/Slate/Fonts/Roboto-Regular.ttf' (155K)
[2022.10.11-03.09.45:109][  0]LogSlate: Took 0.000133 seconds to synchronously load lazily loaded font '../../../Engine/Content/Editor/Slate/Fonts/FontAwesome.ttf' (139K)
[2022.10.11-03.09.45:110][  0]LogSlate: Took 0.000080 seconds to synchronously load lazily loaded font '../../../Engine/Content/Slate/Fonts/Roboto-Bold.ttf' (160K)
[2022.10.11-03.09.45:173][  0]LogRenderer: Reallocating scene render targets to support 1616x804 Format 10 NumSamples 1 (Frame:1).
[2022.10.11-03.09.45:186][  0]LogStaticMesh: Allocated 512x217x128 distance field atlas = 27.1Mb, with 84 objects containing 17.2Mb backing data
[2022.10.11-03.09.45:299][  0]LogNativeClassHierarchy: Verbose: Native class hierarchy updated for 'HierarchicalLODOutliner' in 0.0003 seconds. Added 0 classes and 0 folders.
[2022.10.11-03.09.45:299][  0]LogInput: Warning: Action Jump uses invalid key OculusGo_Left_Trigger_Click.
[2022.10.11-03.09.45:299][  0]LogInput: Warning: Action ResetVR uses invalid key OculusGo_Left_Trackpad_Click.
[2022.10.11-03.09.45:299][  0]LogInput: Warning: Use -RemoveInvalidKeys to remove instances of these keys from the action mapping.
[2022.10.11-03.09.45:299][  0]LogLoad: (Engine Initialization) Total time: 8.22 seconds
[2022.10.11-03.09.45:299][  0]LogLoad: (Engine Initialization) Total Blueprint compile time: 0.00 seconds
[2022.10.11-03.09.45:352][  0]LogAssetRegistry: Asset discovery search completed in 5.7880 seconds
[2022.10.11-03.09.45:356][  0]LogCollectionManager: Fixed up redirectors for 0 collections in 0.000003 seconds (updated 0 objects)
[2022.10.11-03.09.45:359][  0]LogContentStreaming: Texture pool size now 1000 MB
[2022.10.11-03.09.51:562][358]LogUObjectHash: Compacting FUObjectHashTables data took   0.99ms
[2022.10.11-03.09.51:566][358]LogSlate: Took 0.000101 seconds to synchronously load lazily loaded font '../../../Engine/Content/Slate/Fonts/Roboto-Light.ttf' (167K)
[2022.10.11-03.09.51:608][358]LogAssetEditorSubsystem: Opening Asset editor for World /Game/LearningKit_Games/Maps/New_Level.New_Level
[2022.10.11-03.09.51:608][358]Cmd: MAP LOAD FILE="../../../../../../Users/murat/OneDrive/Belgeler/Unreal Projects/UnrealLearningKit/Content/LearningKit_Games/Maps/New_Level.umap" TEMPLATE=0 SHOWPROGRESS=1 FEATURELEVEL=3
[2022.10.11-03.09.51:608][358]LightingResults: New page: Lighting Build
[2022.10.11-03.09.51:608][358]LoadErrors: New page: Loading map: New_Level.umap
[2022.10.11-03.09.51:641][358]LogWorld: UWorld::CleanupWorld for LearningKit_Games_Showcase, bSessionEnded=true, bCleanupResources=true
[2022.10.11-03.09.51:641][358]LogSlate: InvalidateAllWidgets triggered.  All widgets were invalidated
[2022.10.11-03.09.51:641][358]MapCheck: New page: Map Check
[2022.10.11-03.09.51:641][358]LightingResults: New page: Lighting Build
[2022.10.11-03.09.51:647][358]LogAudio: Display: Audio Device unregistered from world 'None'.
[2022.10.11-03.09.51:653][358]LogUObjectHash: Compacting FUObjectHashTables data took   1.24ms
[2022.10.11-03.09.51:653][358]LogAudio: Display: Audio Device (ID: 1) registered with world 'New_Level'.
[2022.10.11-03.09.53:134][358]LogEditorServer: Finished looking for orphan Actors (0.000 secs)
[2022.10.11-03.09.53:134][358]LogAIModule: Creating AISystem for world New_Level
[2022.10.11-03.09.53:142][358]LogUObjectHash: Compacting FUObjectHashTables data took   1.01ms
[2022.10.11-03.09.53:145][358]Cmd: MAP CHECKDEP NOCLEARLOG
[2022.10.11-03.09.53:145][358]MapCheck: Map check complete: 0 Error(s), 0 Warning(s), took 0.114ms to complete.
[2022.10.11-03.09.53:145][358]LogFileHelpers: Loading map 'New_Level' took 1.538
[2022.10.11-03.12.31:354][777]LogObjectTools: Deleting 1 worlds: /Game/LearningKit_Games/Maps/BlockGameMap_2.BlockGameMap_2
[2022.10.11-03.12.31:354][777]LogObjectTools: Currently 2 active worlds: /Game/LearningKit_Games/Maps/New_Level.New_Level, /Engine/Transient.World_0
[2022.10.11-03.12.31:364][777]LogUObjectHash: Compacting FUObjectHashTables data took   1.14ms
[2022.10.11-03.12.32:421][777]LogSlate: Window 'Delete Assets' being destroyed
[2022.10.11-03.12.32:435][777]LogWorld: UWorld::CleanupWorld for BlockGameMap_2, bSessionEnded=true, bCleanupResources=true
[2022.10.11-03.12.32:435][777]LogSlate: InvalidateAllWidgets triggered.  All widgets were invalidated
[2022.10.11-03.12.32:496][777]LogUObjectHash: Compacting FUObjectHashTables data took   0.78ms
[2022.10.11-03.12.32:507][777]LogUObjectHash: Compacting FUObjectHashTables data took   0.77ms
[2022.10.11-03.12.32:511][777]LogUObjectHash: Compacting FUObjectHashTables data took   0.34ms
[2022.10.11-03.12.35:623][927]LogLinker: Warning: [AssetLog] C:\Users\murat\OneDrive\Belgeler\Unreal Projects\UnrealLearningKit\Content\LearningKit_Robots\Blueprints\Robots\Robot_MASTER\BP_Antenna.uasset: Failed to load '/Game/LearningKit_Games/Assets/Robot/SM_KitRobot_IRSensorA': Can't find file.
[2022.10.11-03.12.35:623][927]LogLinker: Warning: [AssetLog] C:\Users\murat\OneDrive\Belgeler\Unreal Projects\UnrealLearningKit\Content\LearningKit_Robots\Blueprints\Robots\Robot_MASTER\BP_Antenna.uasset: Failed to load '/Game/LearningKit_Games/Assets/Robot/SM_KitRobot_IRSensorA': Can't find file.
[2022.10.11-03.12.35:623][927]LogLinker: Warning: [AssetLog] C:\Users\murat\OneDrive\Belgeler\Unreal Projects\UnrealLearningKit\Content\LearningKit_Robots\Blueprints\Robots\Robot_MASTER\BP_Antenna.uasset: Failed to load '/Game/LearningKit_Games/Assets/Robot/SM_KitRobot_IRSensorA': Can't find file.
[2022.10.11-03.12.35:624][927]LogLinker: Warning: [AssetLog] C:\Users\murat\OneDrive\Belgeler\Unreal Projects\UnrealLearningKit\Content\LearningKit_Robots\Blueprints\Robots\L5_Robots\BPC_Robot_Remote_FINAL.uasset: Failed to load '/Game/LearningKit_Games/Assets/Robot/SM_KitRobot_IRSensorA': Can't find file.
[2022.10.11-03.12.35:624][927]LogLinker: Warning: [AssetLog] C:\Users\murat\OneDrive\Belgeler\Unreal Projects\UnrealLearningKit\Content\LearningKit_Robots\Blueprints\Robots\L5_Robots\BPC_Robot_Remote_FINAL.uasset: Failed to load '/Game/LearningKit_Games/Assets/Robot/SM_KitRobot_IRSensorA': Can't find file.
[2022.10.11-03.12.35:624][927]LogLinker: Warning: [AssetLog] C:\Users\murat\OneDrive\Belgeler\Unreal Projects\UnrealLearningKit\Content\LearningKit_Robots\Blueprints\Robots\L5_Robots\BPC_Robot_Remote_FINAL.uasset: Failed to load '/Game/LearningKit_Games/Assets/Robot/SM_KitRobot_IRSensorA': Can't find file.
[2022.10.11-03.12.35:624][927]LoadErrors: Failed to load /Game/LearningKit_Games/Assets/Robot/SM_KitRobot_IRSensorA.SM_KitRobot_IRSensorA Referenced by Default__BP_Antenna_C
[2022.10.11-03.12.35:930][927]LogStaticMesh: Building static mesh MA_Building_2x2_Patio...
[2022.10.11-03.12.36:563][927]LogMeshUtilities: Finished distance field build in 0.1s - 31x32x8 distance field, 1922 triangles, Range [-0.0, 0.7], SM_KitGround_Cobblestone
[2022.10.11-03.12.41:206][927]LogMeshUtilities: Finished distance field build in 3.3s - 64x64x64 distance field, 14297 triangles, Range [-0.1, 0.8], MA_Building_1x1b
[2022.10.11-03.12.44:091][927]LogMeshUtilities: Finished distance field build in 3.7s - 64x64x64 distance field, 15753 triangles, Range [-0.0, 1.0], MA_Building_1x1a
[2022.10.11-03.12.44:091][927]LogMeshUtilities: Finished distance field build in 0.0s - 8x13x8 distance field, 672 triangles, Range [-0.0, 0.4], SM_KitRobot_ConnectorA
[2022.10.11-03.12.44:091][927]LogMeshUtilities: Finished distance field build in 0.0s - 8x8x8 distance field, 952 triangles, Range [-0.0, 1.0], SM_KitRobot_ConnectorB
[2022.10.11-03.12.44:091][927]LogMeshUtilities: Finished distance field build in 0.8s - 48x36x40 distance field, 42198 triangles, Range [-0.1, 1.0], MA_Robot_A1
